#
# There is insufficient memory for the Java Runtime Environment to continue.
# Native memory allocation (malloc) failed to allocate 816976 bytes for Chunk::new
# Possible reasons:
#   The system is out of physical RAM or swap space
#   The process is running with CompressedOops enabled, and the Java Heap may be blocking the growth of the native heap
# Possible solutions:
#   Reduce memory load on the system
#   Increase physical memory or swap space
#   Check if swap backing store is full
#   Decrease Java heap size (-Xmx/-Xms)
#   Decrease number of Java threads
#   Decrease Java thread stack sizes (-Xss)
#   Set larger code cache with -XX:ReservedCodeCacheSize=
#   JVM is running with Zero Based Compressed Oops mode in which the Java heap is
#     placed in the first 32GB address space. The Java Heap base address is the
#     maximum limit for the native heap growth. Please use -XX:HeapBaseMinAddress
#     to set the Java Heap base and to place the Java Heap above 32GB virtual address.
# This output file may be truncated or incomplete.
#
#  Out of Memory Error (allocation.cpp:389), pid=15812, tid=0x00000000000014e4
#
# JRE version: Java(TM) SE Runtime Environment (8.0_301-b09) (build 1.8.0_301-b09)
# Java VM: Java HotSpot(TM) 64-Bit Server VM (25.301-b09 mixed mode windows-amd64 compressed oops)
# Failed to write core dump. Minidumps are not enabled by default on client versions of Windows
#

---------------  T H R E A D  ---------------

Current thread (0x000001afd5234000):  JavaThread "C2 CompilerThread0" daemon [_thread_in_native, id=5348, stack(0x00000057e0500000,0x00000057e0600000)]

Stack: [0x00000057e0500000,0x00000057e0600000]
Native frames: (J=compiled Java code, j=interpreted, Vv=VM code, C=native code)
V  [jvm.dll+0x32ed79]
V  [jvm.dll+0x275722]
V  [jvm.dll+0x2763cd]
V  [jvm.dll+0x26ce05]
V  [jvm.dll+0xd551c]
V  [jvm.dll+0xd5d1c]
V  [jvm.dll+0x452c72]
V  [jvm.dll+0x48dcdd]
V  [jvm.dll+0x442c71]
V  [jvm.dll+0x43fee4]
V  [jvm.dll+0x42ae57]
V  [jvm.dll+0xac1bb]
V  [jvm.dll+0xaa81b]
V  [jvm.dll+0x23ddc2]
V  [jvm.dll+0x2923dc]
C  [ucrtbase.dll+0x21bb2]
C  [KERNEL32.DLL+0x17034]
C  [ntdll.dll+0x52651]


Current CompileTask:
C2:   3233 3303   !   4       java.net.URL::<init> (543 bytes)


---------------  P R O C E S S  ---------------

Java Threads: ( => current thread )
  0x000001afdc174000 JavaThread "mysql-cj-abandoned-connection-cleanup" daemon [_thread_blocked, id=11324, stack(0x00000057e1000000,0x00000057e1100000)]
  0x000001afdafe3800 JavaThread "container-0" [_thread_blocked, id=9172, stack(0x00000057e0f00000,0x00000057e1000000)]
  0x000001afda969800 JavaThread "Catalina-utility-2" [_thread_blocked, id=15584, stack(0x00000057e0e00000,0x00000057e0f00000)]
  0x000001afda9d7000 JavaThread "Catalina-utility-1" [_thread_blocked, id=15260, stack(0x00000057e0d00000,0x00000057e0e00000)]
  0x000001afd7b5e800 JavaThread "restartedMain" [_thread_in_vm, id=4832, stack(0x00000057e0c00000,0x00000057e0d00000)]
  0x000001afd790d800 JavaThread "Thread-0" [_thread_blocked, id=9820, stack(0x00000057e0b00000,0x00000057e0c00000)]
  0x000001afd52ae800 JavaThread "Service Thread" daemon [_thread_blocked, id=6652, stack(0x00000057e0900000,0x00000057e0a00000)]
  0x000001afd524b800 JavaThread "C1 CompilerThread3" daemon [_thread_blocked, id=4824, stack(0x00000057e0800000,0x00000057e0900000)]
  0x000001afd5244800 JavaThread "C2 CompilerThread2" daemon [_thread_in_native, id=14036, stack(0x00000057e0700000,0x00000057e0800000)]
  0x000001afd523a800 JavaThread "C2 CompilerThread1" daemon [_thread_in_native, id=12088, stack(0x00000057e0600000,0x00000057e0700000)]
=>0x000001afd5234000 JavaThread "C2 CompilerThread0" daemon [_thread_in_native, id=5348, stack(0x00000057e0500000,0x00000057e0600000)]
  0x000001afd5231000 JavaThread "Attach Listener" daemon [_thread_blocked, id=12840, stack(0x00000057e0400000,0x00000057e0500000)]
  0x000001afd522f000 JavaThread "Signal Dispatcher" daemon [_thread_blocked, id=8836, stack(0x00000057e0300000,0x00000057e0400000)]
  0x000001afd520c000 JavaThread "Finalizer" daemon [_thread_blocked, id=16124, stack(0x00000057e0200000,0x00000057e0300000)]
  0x000001afd5204800 JavaThread "Reference Handler" daemon [_thread_blocked, id=15624, stack(0x00000057e0100000,0x00000057e0200000)]
  0x000001afbb8c1000 JavaThread "main" [_thread_blocked, id=12416, stack(0x00000057df700000,0x00000057df800000)]

Other Threads:
  0x000001afd51db800 VMThread [stack: 0x00000057e0000000,0x00000057e0100000] [id=8780]
  0x000001afd70d3000 WatcherThread [stack: 0x00000057e0a00000,0x00000057e0b00000] [id=6788]

VM state:not at safepoint (normal execution)

VM Mutex/Monitor currently owned by a thread: None

heap address: 0x00000006e0c00000, size: 3572 MB, Compressed Oops mode: Zero based, Oop shift amount: 3
Narrow klass base: 0x0000000000000000, Narrow klass shift: 3
Compressed class space size: 1073741824 Address: 0x00000007c0000000

Heap:
 PSYoungGen      total 186880K, used 22262K [0x0000000775980000, 0x0000000781d00000, 0x00000007c0000000)
  eden space 173568K, 12% used [0x0000000775980000,0x0000000776f3d9b8,0x0000000780300000)
  from space 13312K, 0% used [0x0000000781000000,0x0000000781000000,0x0000000781d00000)
  to   space 13312K, 0% used [0x0000000780300000,0x0000000780300000,0x0000000781000000)
 ParOldGen       total 92160K, used 14061K [0x00000006e0c00000, 0x00000006e6600000, 0x0000000775980000)
  object space 92160K, 15% used [0x00000006e0c00000,0x00000006e19bb588,0x00000006e6600000)
 Metaspace       used 35297K, capacity 37438K, committed 37592K, reserved 1081344K
  class space    used 4694K, capacity 5111K, committed 5120K, reserved 1048576K

Card table byte_map: [0x000001afcc660000,0x000001afccd60000] byte_map_base: 0x000001afc8f5a000

Marking Bits: (ParMarkBitMap*) 0x0000000054dd7fe0
 Begin Bits: [0x000001afcd210000, 0x000001afd09e0000)
 End Bits:   [0x000001afd09e0000, 0x000001afd41b0000)

Polling page: 0x000001afbb860000

CodeCache: size=245760Kb used=11937Kb max_used=11942Kb free=233822Kb
 bounds [0x000001afbd2a0000, 0x000001afbde60000, 0x000001afcc2a0000]
 total_blobs=3700 nmethods=3297 adapters=316
 compilation: enabled

Compilation events (10 events):
Event: 3.138 Thread 0x000001afd524b800 3301       1       java.lang.invoke.DirectMethodHandle$Special::isInvokeSpecial (2 bytes)
Event: 3.138 Thread 0x000001afd524b800 nmethod 3301 0x000001afbde1a650 code [0x000001afbde1a7a0, 0x000001afbde1a8b8]
Event: 3.138 Thread 0x000001afd524b800 3302       1       java.util.concurrent.ConcurrentHashMap$MapEntry::getValue (5 bytes)
Event: 3.138 Thread 0x000001afd524b800 nmethod 3302 0x000001afbde1a390 code [0x000001afbde1a4e0, 0x000001afbde1a5f8]
Event: 3.138 Thread 0x000001afd5234000 nmethod 3299 0x000001afbde15090 code [0x000001afbde15220, 0x000001afbde15728]
Event: 3.138 Thread 0x000001afd5234000 3300       4       java.lang.invoke.MethodType::hashCode (53 bytes)
Event: 3.140 Thread 0x000001afd5234000 nmethod 3300 0x000001afbde16e90 code [0x000001afbde16fe0, 0x000001afbde17198]
Event: 3.140 Thread 0x000001afd5234000 3303   !   4       java.net.URL::<init> (543 bytes)
Event: 3.156 Thread 0x000001afd524b800 3304       3       java.lang.Class$MethodArray::matchesNameAndDescriptor (42 bytes)
Event: 3.157 Thread 0x000001afd524b800 nmethod 3304 0x000001afbde15fd0 code [0x000001afbde161a0, 0x000001afbde16bf0]

GC Heap History (10 events):
Event: 1.211 GC heap before
{Heap before GC invocations=4 (full 0):
 PSYoungGen      total 67072K, used 20455K [0x0000000775980000, 0x000000077dc80000, 0x00000007c0000000)
  eden space 57856K, 23% used [0x0000000775980000,0x00000007766a2fa0,0x0000000779200000)
  from space 9216K, 75% used [0x0000000779200000,0x00000007798d6ff8,0x0000000779b00000)
  to   space 9216K, 0% used [0x000000077d380000,0x000000077d380000,0x000000077dc80000)
 ParOldGen       total 153088K, used 1294K [0x00000006e0c00000, 0x00000006ea180000, 0x0000000775980000)
  object space 153088K, 0% used [0x00000006e0c00000,0x00000006e0d43a38,0x00000006ea180000)
 Metaspace       used 20257K, capacity 21164K, committed 21248K, reserved 1067008K
  class space    used 2532K, capacity 2737K, committed 2816K, reserved 1048576K
Event: 1.216 GC heap after
Heap after GC invocations=4 (full 0):
 PSYoungGen      total 124928K, used 6389K [0x0000000775980000, 0x000000077dc80000, 0x00000007c0000000)
  eden space 115712K, 0% used [0x0000000775980000,0x0000000775980000,0x000000077ca80000)
  from space 9216K, 69% used [0x000000077d380000,0x000000077d9bd550,0x000000077dc80000)
  to   space 9216K, 0% used [0x000000077ca80000,0x000000077ca80000,0x000000077d380000)
 ParOldGen       total 153088K, used 1302K [0x00000006e0c00000, 0x00000006ea180000, 0x0000000775980000)
  object space 153088K, 0% used [0x00000006e0c00000,0x00000006e0d45a38,0x00000006ea180000)
 Metaspace       used 20257K, capacity 21164K, committed 21248K, reserved 1067008K
  class space    used 2532K, capacity 2737K, committed 2816K, reserved 1048576K
}
Event: 1.216 GC heap before
{Heap before GC invocations=5 (full 1):
 PSYoungGen      total 124928K, used 6389K [0x0000000775980000, 0x000000077dc80000, 0x00000007c0000000)
  eden space 115712K, 0% used [0x0000000775980000,0x0000000775980000,0x000000077ca80000)
  from space 9216K, 69% used [0x000000077d380000,0x000000077d9bd550,0x000000077dc80000)
  to   space 9216K, 0% used [0x000000077ca80000,0x000000077ca80000,0x000000077d380000)
 ParOldGen       total 153088K, used 1302K [0x00000006e0c00000, 0x00000006ea180000, 0x0000000775980000)
  object space 153088K, 0% used [0x00000006e0c00000,0x00000006e0d45a38,0x00000006ea180000)
 Metaspace       used 20257K, capacity 21164K, committed 21248K, reserved 1067008K
  class space    used 2532K, capacity 2737K, committed 2816K, reserved 1048576K
Event: 1.235 GC heap after
Heap after GC invocations=5 (full 1):
 PSYoungGen      total 124928K, used 0K [0x0000000775980000, 0x000000077dc80000, 0x00000007c0000000)
  eden space 115712K, 0% used [0x0000000775980000,0x0000000775980000,0x000000077ca80000)
  from space 9216K, 0% used [0x000000077d380000,0x000000077d380000,0x000000077dc80000)
  to   space 9216K, 0% used [0x000000077ca80000,0x000000077ca80000,0x000000077d380000)
 ParOldGen       total 92160K, used 6228K [0x00000006e0c00000, 0x00000006e6600000, 0x0000000775980000)
  object space 92160K, 6% used [0x00000006e0c00000,0x00000006e1215190,0x00000006e6600000)
 Metaspace       used 20257K, capacity 21164K, committed 21248K, reserved 1067008K
  class space    used 2532K, capacity 2737K, committed 2816K, reserved 1048576K
}
Event: 2.459 GC heap before
{Heap before GC invocations=6 (full 1):
 PSYoungGen      total 124928K, used 115658K [0x0000000775980000, 0x000000077dc80000, 0x00000007c0000000)
  eden space 115712K, 99% used [0x0000000775980000,0x000000077ca728c8,0x000000077ca80000)
  from space 9216K, 0% used [0x000000077d380000,0x000000077d380000,0x000000077dc80000)
  to   space 9216K, 0% used [0x000000077ca80000,0x000000077ca80000,0x000000077d380000)
 ParOldGen       total 92160K, used 6228K [0x00000006e0c00000, 0x00000006e6600000, 0x0000000775980000)
  object space 92160K, 6% used [0x00000006e0c00000,0x00000006e1215190,0x00000006e6600000)
 Metaspace       used 29155K, capacity 30986K, committed 31360K, reserved 1077248K
  class space    used 3750K, capacity 4102K, committed 4224K, reserved 1048576K
Event: 2.468 GC heap after
Heap after GC invocations=6 (full 1):
 PSYoungGen      total 124928K, used 9188K [0x0000000775980000, 0x0000000781d00000, 0x00000007c0000000)
  eden space 115712K, 0% used [0x0000000775980000,0x0000000775980000,0x000000077ca80000)
  from space 9216K, 99% used [0x000000077ca80000,0x000000077d379190,0x000000077d380000)
  to   space 13312K, 0% used [0x0000000781000000,0x0000000781000000,0x0000000781d00000)
 ParOldGen       total 92160K, used 9216K [0x00000006e0c00000, 0x00000006e6600000, 0x0000000775980000)
  object space 92160K, 10% used [0x00000006e0c00000,0x00000006e1500130,0x00000006e6600000)
 Metaspace       used 29155K, capacity 30986K, committed 31360K, reserved 1077248K
  class space    used 3750K, capacity 4102K, committed 4224K, reserved 1048576K
}
Event: 2.965 GC heap before
{Heap before GC invocations=7 (full 1):
 PSYoungGen      total 124928K, used 106690K [0x0000000775980000, 0x0000000781d00000, 0x00000007c0000000)
  eden space 115712K, 84% used [0x0000000775980000,0x000000077b8b7928,0x000000077ca80000)
  from space 9216K, 99% used [0x000000077ca80000,0x000000077d379190,0x000000077d380000)
  to   space 13312K, 0% used [0x0000000781000000,0x0000000781000000,0x0000000781d00000)
 ParOldGen       total 92160K, used 9216K [0x00000006e0c00000, 0x00000006e6600000, 0x0000000775980000)
  object space 92160K, 10% used [0x00000006e0c00000,0x00000006e1500130,0x00000006e6600000)
 Metaspace       used 33339K, capacity 35362K, committed 35416K, reserved 1079296K
  class space    used 4308K, capacity 4700K, committed 4736K, reserved 1048576K
Event: 2.973 GC heap after
Heap after GC invocations=7 (full 1):
 PSYoungGen      total 186880K, used 9696K [0x0000000775980000, 0x0000000781d00000, 0x00000007c0000000)
  eden space 173568K, 0% used [0x0000000775980000,0x0000000775980000,0x0000000780300000)
  from space 13312K, 72% used [0x0000000781000000,0x00000007819783b8,0x0000000781d00000)
  to   space 13312K, 0% used [0x0000000780300000,0x0000000780300000,0x0000000781000000)
 ParOldGen       total 92160K, used 9224K [0x00000006e0c00000, 0x00000006e6600000, 0x0000000775980000)
  object space 92160K, 10% used [0x00000006e0c00000,0x00000006e1502130,0x00000006e6600000)
 Metaspace       used 33339K, capacity 35362K, committed 35416K, reserved 1079296K
  class space    used 4308K, capacity 4700K, committed 4736K, reserved 1048576K
}
Event: 2.973 GC heap before
{Heap before GC invocations=8 (full 2):
 PSYoungGen      total 186880K, used 9696K [0x0000000775980000, 0x0000000781d00000, 0x00000007c0000000)
  eden space 173568K, 0% used [0x0000000775980000,0x0000000775980000,0x0000000780300000)
  from space 13312K, 72% used [0x0000000781000000,0x00000007819783b8,0x0000000781d00000)
  to   space 13312K, 0% used [0x0000000780300000,0x0000000780300000,0x0000000781000000)
 ParOldGen       total 92160K, used 9224K [0x00000006e0c00000, 0x00000006e6600000, 0x0000000775980000)
  object space 92160K, 10% used [0x00000006e0c00000,0x00000006e1502130,0x00000006e6600000)
 Metaspace       used 33339K, capacity 35362K, committed 35416K, reserved 1079296K
  class space    used 4308K, capacity 4700K, committed 4736K, reserved 1048576K
Event: 3.011 GC heap after
Heap after GC invocations=8 (full 2):
 PSYoungGen      total 186880K, used 0K [0x0000000775980000, 0x0000000781d00000, 0x00000007c0000000)
  eden space 173568K, 0% used [0x0000000775980000,0x0000000775980000,0x0000000780300000)
  from space 13312K, 0% used [0x0000000781000000,0x0000000781000000,0x0000000781d00000)
  to   space 13312K, 0% used [0x0000000780300000,0x0000000780300000,0x0000000781000000)
 ParOldGen       total 92160K, used 14061K [0x00000006e0c00000, 0x00000006e6600000, 0x0000000775980000)
  object space 92160K, 15% used [0x00000006e0c00000,0x00000006e19bb588,0x00000006e6600000)
 Metaspace       used 33339K, capacity 35362K, committed 35416K, reserved 1079296K
  class space    used 4308K, capacity 4700K, committed 4736K, reserved 1048576K
}

Deoptimization events (10 events):
Event: 2.691 Thread 0x000001afd7b5e800 Uncommon trap: reason=class_check action=maybe_recompile pc=0x000001afbd658b98 method=org.springframework.boot.context.properties.source.ConfigurationPropertyName$Elements.charAt(II)C @ 43
Event: 2.691 Thread 0x000001afd7b5e800 Uncommon trap: reason=class_check action=maybe_recompile pc=0x000001afbd658b98 method=org.springframework.boot.context.properties.source.ConfigurationPropertyName$Elements.charAt(II)C @ 43
Event: 2.753 Thread 0x000001afd7b5e800 Uncommon trap: reason=unstable_if action=reinterpret pc=0x000001afbdcd3488 method=java.util.regex.Pattern$BmpCharProperty.match(Ljava/util/regex/Matcher;ILjava/lang/CharSequence;)Z @ 5
Event: 2.776 Thread 0x000001afd7b5e800 Uncommon trap: reason=unstable_if action=reinterpret pc=0x000001afbdc9a564 method=java.lang.Class$MethodArray.matchesNameAndDescriptor(Ljava/lang/reflect/Method;Ljava/lang/reflect/Method;)Z @ 33
Event: 3.024 Thread 0x000001afd7b5e800 Uncommon trap: reason=class_check action=maybe_recompile pc=0x000001afbd93f790 method=java.lang.ClassLoader.loadClass(Ljava/lang/String;Z)Ljava/lang/Class; @ 38
Event: 3.024 Thread 0x000001afd7b5e800 Uncommon trap: reason=class_check action=maybe_recompile pc=0x000001afbd93f790 method=java.lang.ClassLoader.loadClass(Ljava/lang/String;Z)Ljava/lang/Class; @ 38
Event: 3.095 Thread 0x000001afd7b5e800 Uncommon trap: reason=class_check action=maybe_recompile pc=0x000001afbd93f790 method=java.lang.ClassLoader.loadClass(Ljava/lang/String;Z)Ljava/lang/Class; @ 38
Event: 3.156 Thread 0x000001afd7b5e800 Uncommon trap: reason=unstable_if action=reinterpret pc=0x000001afbdca10cc method=java.lang.Class$MethodArray.matchesNameAndDescriptor(Ljava/lang/reflect/Method;Ljava/lang/reflect/Method;)Z @ 33
Event: 3.170 Thread 0x000001afd7b5e800 Uncommon trap: reason=bimorphic action=maybe_recompile pc=0x000001afbd940464 method=java.lang.ClassLoader.loadClass(Ljava/lang/String;Z)Ljava/lang/Class; @ 70
Event: 3.171 Thread 0x000001afd7b5e800 Uncommon trap: reason=bimorphic action=maybe_recompile pc=0x000001afbd940464 method=java.lang.ClassLoader.loadClass(Ljava/lang/String;Z)Ljava/lang/Class; @ 70

Classes redefined (0 events):
No events

Internal exceptions (10 events):
Event: 1.957 Thread 0x000001afd7b5e800 Exception <a 'java/lang/NoSuchMethodError': java.lang.Object.lambda$map$1(Ljava/util/function/Function;)Ljava/util/stream/Stream;> (0x000000077990b998) thrown at [C:\jenkins\workspace\8-2-build-windows-amd64-cygwin\jdk8u301\1513\hotspot\src\share\vm\inter
Event: 2.084 Thread 0x000001afd7b5e800 Exception <a 'java/lang/IncompatibleClassChangeError': Found class java.lang.Object, but interface was expected> (0x000000077a0d3c38) thrown at [C:\jenkins\workspace\8-2-build-windows-amd64-cygwin\jdk8u301\1513\hotspot\src\share\vm\interpreter\linkResolve
Event: 2.473 Thread 0x000001afd7b5e800 Exception <a 'sun/nio/fs/WindowsException'> (0x0000000776875d48) thrown at [C:\jenkins\workspace\8-2-build-windows-amd64-cygwin\jdk8u301\1513\hotspot\src\share\vm\prims\jni.cpp, line 710]
Event: 2.474 Thread 0x000001afd7b5e800 Exception <a 'sun/nio/fs/WindowsException'> (0x000000077687d5f8) thrown at [C:\jenkins\workspace\8-2-build-windows-amd64-cygwin\jdk8u301\1513\hotspot\src\share\vm\prims\jni.cpp, line 710]
Event: 2.475 Thread 0x000001afd7b5e800 Exception <a 'sun/nio/fs/WindowsException'> (0x000000077687e368) thrown at [C:\jenkins\workspace\8-2-build-windows-amd64-cygwin\jdk8u301\1513\hotspot\src\share\vm\prims\jni.cpp, line 710]
Event: 2.512 Thread 0x000001afd7b5e800 Implicit null exception at 0x000001afbdceea9f to 0x000001afbdcf0f35
Event: 2.559 Thread 0x000001afd7b5e800 Exception <a 'java/io/FileNotFoundException'> (0x0000000779519a90) thrown at [C:\jenkins\workspace\8-2-build-windows-amd64-cygwin\jdk8u301\1513\hotspot\src\share\vm\prims\jni.cpp, line 710]
Event: 2.626 Thread 0x000001afd7b5e800 Exception <a 'java/io/FileNotFoundException'> (0x0000000779b1a9a8) thrown at [C:\jenkins\workspace\8-2-build-windows-amd64-cygwin\jdk8u301\1513\hotspot\src\share\vm\prims\jni.cpp, line 710]
Event: 2.662 Thread 0x000001afd7b5e800 Implicit null exception at 0x000001afbd501b56 to 0x000001afbd501ee1
Event: 2.959 Thread 0x000001afd7b5e800 Exception <a 'java/lang/ClassNotFoundException': java/lang/Module> (0x000000077b6d7ea8) thrown at [C:\jenkins\workspace\8-2-build-windows-amd64-cygwin\jdk8u301\1513\hotspot\src\share\vm\classfile\systemDictionary.cpp, line 212]

Events (10 events):
Event: 3.205 loading class org/hibernate/type/spi/TypeConfiguration
Event: 3.205 loading class org/hibernate/type/spi/TypeConfiguration done
Event: 3.205 loading class org/hibernate/SessionFactoryObserver
Event: 3.206 loading class org/hibernate/SessionFactoryObserver done
Event: 3.206 loading class org/hibernate/metamodel/spi/MetamodelImplementor
Event: 3.206 loading class org/hibernate/metamodel/spi/MetamodelImplementor done
Event: 3.206 loading class org/hibernate/Metamodel
Event: 3.206 loading class org/hibernate/Metamodel done
Event: 3.207 loading class javax/persistence/metamodel/Metamodel
Event: 3.207 loading class javax/persistence/metamodel/Metamodel done


Dynamic libraries:
0x00007ff615cb0000 - 0x00007ff615cf7000 	C:\Program Files\Java\jdk1.8.0_301\bin\java.exe
0x00007ffaa00f0000 - 0x00007ffaa02e5000 	C:\Windows\SYSTEM32\ntdll.dll
0x00007ffa9fa20000 - 0x00007ffa9fadd000 	C:\Windows\System32\KERNEL32.DLL
0x00007ffa9dc60000 - 0x00007ffa9df2d000 	C:\Windows\System32\KERNELBASE.dll
0x00007ffa9f910000 - 0x00007ffa9f9be000 	C:\Windows\System32\ADVAPI32.dll
0x00007ffa9efd0000 - 0x00007ffa9f06e000 	C:\Windows\System32\msvcrt.dll
0x00007ffa9fb90000 - 0x00007ffa9fc2c000 	C:\Windows\System32\sechost.dll
0x00007ffa9fe50000 - 0x00007ffa9ff75000 	C:\Windows\System32\RPCRT4.dll
0x00007ffa9e560000 - 0x00007ffa9e700000 	C:\Windows\System32\USER32.dll
0x00007ffa9d830000 - 0x00007ffa9d852000 	C:\Windows\System32\win32u.dll
0x00007ffaa0080000 - 0x00007ffaa00aa000 	C:\Windows\System32\GDI32.dll
0x00007ffa9df30000 - 0x00007ffa9e03b000 	C:\Windows\System32\gdi32full.dll
0x00007ffa9d860000 - 0x00007ffa9d8fd000 	C:\Windows\System32\msvcp_win.dll
0x00007ffa9e040000 - 0x00007ffa9e140000 	C:\Windows\System32\ucrtbase.dll
0x00007ffa882a0000 - 0x00007ffa8853a000 	C:\Windows\WinSxS\amd64_microsoft.windows.common-controls_6595b64144ccf1df_6.0.19041.1110_none_60b5254171f9507e\COMCTL32.dll
0x00007ffaa0050000 - 0x00007ffaa0080000 	C:\Windows\System32\IMM32.DLL
0x00007ffa94c40000 - 0x00007ffa94c55000 	C:\Program Files\Java\jdk1.8.0_301\jre\bin\vcruntime140.dll
0x00007ffa88a80000 - 0x00007ffa88b1b000 	C:\Program Files\Java\jdk1.8.0_301\jre\bin\msvcp140.dll
0x00000000545f0000 - 0x0000000054e50000 	C:\Program Files\Java\jdk1.8.0_301\jre\bin\server\jvm.dll
0x00007ffa9e280000 - 0x00007ffa9e288000 	C:\Windows\System32\PSAPI.DLL
0x00007ffa95620000 - 0x00007ffa95629000 	C:\Windows\SYSTEM32\WSOCK32.dll
0x00007ffa95c10000 - 0x00007ffa95c1a000 	C:\Windows\SYSTEM32\VERSION.dll
0x00007ffa8eb40000 - 0x00007ffa8eb67000 	C:\Windows\SYSTEM32\WINMM.dll
0x00007ffa9fc30000 - 0x00007ffa9fc9b000 	C:\Windows\System32\WS2_32.dll
0x00007ffa9b720000 - 0x00007ffa9b732000 	C:\Windows\SYSTEM32\kernel.appcore.dll
0x00007ffa9a7f0000 - 0x00007ffa9a800000 	C:\Program Files\Java\jdk1.8.0_301\jre\bin\verify.dll
0x00007ffa90e60000 - 0x00007ffa90e8b000 	C:\Program Files\Java\jdk1.8.0_301\jre\bin\java.dll
0x00007ffa90d50000 - 0x00007ffa90d68000 	C:\Program Files\Java\jdk1.8.0_301\jre\bin\zip.dll
0x00007ffa9f190000 - 0x00007ffa9f8d4000 	C:\Windows\System32\SHELL32.dll
0x00007ffa9b920000 - 0x00007ffa9c0b4000 	C:\Windows\SYSTEM32\windows.storage.dll
0x00007ffa9e760000 - 0x00007ffa9eab4000 	C:\Windows\System32\combase.dll
0x00007ffa9d190000 - 0x00007ffa9d1bc000 	C:\Windows\SYSTEM32\Wldp.dll
0x00007ffa9fae0000 - 0x00007ffa9fb8d000 	C:\Windows\System32\SHCORE.dll
0x00007ffa9e700000 - 0x00007ffa9e755000 	C:\Windows\System32\shlwapi.dll
0x00007ffa9d6f0000 - 0x00007ffa9d70f000 	C:\Windows\SYSTEM32\profapi.dll
0x00007ffa99500000 - 0x00007ffa9950d000 	C:\Program Files\Java\jdk1.8.0_301\jre\bin\management.dll
0x00007ffa909b0000 - 0x00007ffa909cc000 	C:\Program Files\Java\jdk1.8.0_301\jre\bin\net.dll
0x00007ffa9cef0000 - 0x00007ffa9cf5a000 	C:\Windows\system32\mswsock.dll
0x00007ffa95c80000 - 0x00007ffa95c97000 	C:\Windows\system32\napinsp.dll
0x00007ffa95c60000 - 0x00007ffa95c7b000 	C:\Windows\system32\pnrpnsp.dll
0x00007ffa95c40000 - 0x00007ffa95c55000 	C:\Windows\system32\wshbth.dll
0x00007ffa97a30000 - 0x00007ffa97a4d000 	C:\Windows\system32\NLAapi.dll
0x00007ffa9cbe0000 - 0x00007ffa9cc1b000 	C:\Windows\SYSTEM32\IPHLPAPI.DLL
0x00007ffa9cc70000 - 0x00007ffa9cd3b000 	C:\Windows\SYSTEM32\DNSAPI.dll
0x00007ffa9f900000 - 0x00007ffa9f908000 	C:\Windows\System32\NSI.dll
0x00007ffa95c20000 - 0x00007ffa95c32000 	C:\Windows\System32\winrnr.dll
0x00007ffa95f00000 - 0x00007ffa95f0a000 	C:\Windows\System32\rasadhlp.dll
0x00007ffa96250000 - 0x00007ffa962d0000 	C:\Windows\System32\fwpuclnt.dll
0x00007ffa9d800000 - 0x00007ffa9d827000 	C:\Windows\System32\bcrypt.dll
0x00007ffa8ff20000 - 0x00007ffa8ff33000 	C:\Program Files\Java\jdk1.8.0_301\jre\bin\nio.dll
0x00007ffa9d0e0000 - 0x00007ffa9d0f8000 	C:\Windows\SYSTEM32\CRYPTSP.dll
0x00007ffa9c870000 - 0x00007ffa9c8a4000 	C:\Windows\system32\rsaenh.dll
0x00007ffa9d650000 - 0x00007ffa9d67e000 	C:\Windows\SYSTEM32\USERENV.dll
0x00007ffa9db20000 - 0x00007ffa9dba2000 	C:\Windows\System32\bcryptprimitives.dll
0x00007ffa9d100000 - 0x00007ffa9d10c000 	C:\Windows\SYSTEM32\CRYPTBASE.dll
0x00007ffa97cc0000 - 0x00007ffa97cd7000 	C:\Windows\SYSTEM32\dhcpcsvc6.DLL
0x00007ffa97ca0000 - 0x00007ffa97cbd000 	C:\Windows\SYSTEM32\dhcpcsvc.DLL
0x00007ffa8e300000 - 0x00007ffa8e324000 	C:\Program Files\Java\jdk1.8.0_301\jre\bin\sunec.dll
0x00007ffa99310000 - 0x00007ffa9931d000 	C:\Program Files\Java\jdk1.8.0_301\jre\bin\sunmscapi.dll
0x00007ffa9d950000 - 0x00007ffa9daa6000 	C:\Windows\System32\CRYPT32.dll
0x00007ffa9d200000 - 0x00007ffa9d227000 	C:\Windows\SYSTEM32\ncrypt.dll
0x00007ffa9d1c0000 - 0x00007ffa9d1fb000 	C:\Windows\SYSTEM32\NTASN1.dll
0x00007ffa98940000 - 0x00007ffa98b24000 	C:\Windows\SYSTEM32\dbghelp.dll

VM Arguments:
java_command: com.portfolio.api.ApiApplication
java_class_path (initial): C:\Users\BarConT\Desktop\YoProgramo\api\target\classes;C:\Users\BarConT\.m2\repository\org\springframework\boot\spring-boot-starter-web\2.7.0\spring-boot-starter-web-2.7.0.jar;C:\Users\BarConT\.m2\repository\org\springframework\boot\spring-boot-starter\2.7.0\spring-boot-starter-2.7.0.jar;C:\Users\BarConT\.m2\repository\org\springframework\boot\spring-boot-starter-logging\2.7.0\spring-boot-starter-logging-2.7.0.jar;C:\Users\BarConT\.m2\repository\ch\qos\logback\logback-classic\1.2.11\logback-classic-1.2.11.jar;C:\Users\BarConT\.m2\repository\ch\qos\logback\logback-core\1.2.11\logback-core-1.2.11.jar;C:\Users\BarConT\.m2\repository\org\apache\logging\log4j\log4j-to-slf4j\2.17.2\log4j-to-slf4j-2.17.2.jar;C:\Users\BarConT\.m2\repository\org\apache\logging\log4j\log4j-api\2.17.2\log4j-api-2.17.2.jar;C:\Users\BarConT\.m2\repository\org\slf4j\jul-to-slf4j\1.7.36\jul-to-slf4j-1.7.36.jar;C:\Users\BarConT\.m2\repository\jakarta\annotation\jakarta.annotation-api\1.3.5\jakarta.annotation-api-1.3.5.jar;C:\Users\BarConT\.m2\repository\org\yaml\snakeyaml\1.30\snakeyaml-1.30.jar;C:\Users\BarConT\.m2\repository\org\springframework\boot\spring-boot-starter-json\2.7.0\spring-boot-starter-json-2.7.0.jar;C:\Users\BarConT\.m2\repository\com\fasterxml\jackson\core\jackson-databind\2.13.3\jackson-databind-2.13.3.jar;C:\Users\BarConT\.m2\repository\com\fasterxml\jackson\core\jackson-annotations\2.13.3\jackson-annotations-2.13.3.jar;C:\Users\BarConT\.m2\repository\com\fasterxml\jackson\core\jackson-core\2.13.3\jackson-core-2.13.3.jar;C:\Users\BarConT\.m2\repository\com\fasterxml\jackson\datatype\jackson-datatype-jdk8\2.13.3\jackson-datatype-jdk8-2.13.3.jar;C:\Users\BarConT\.m2\repository\com\fasterxml\jackson\datatype\jackson-datatype-jsr310\2.13.3\jackson-datatype-jsr310-2.13.3.jar;C:\Users\BarConT\.m2\repository\com\fasterxml\jackson\module\jackson-module-parameter-names\2.13.3\jackson-module-parameter-names-2.13.3.jar;C:\Users\BarConT\.m2\repository\org\spring
Launcher Type: SUN_STANDARD

Environment Variables:
JAVA_HOME=C:\Program Files\Java\jdk1.8.0_301
PATH=C:\Windows\system32;C:\Windows;C:\Windows\System32\Wbem;C:\Program Files (x86)\Common Files\Oracle\Java\javapath;C:\Windows\System32\WindowsPowerShell\v1.0\;C:\Windows\System32\OpenSSH\;C:\ProgramData\chocolatey\bin;C:\Program Files\OpenJDK\openjdk-8u302-b08\bin;C:\Users\BarConT\AppData\Local\Android\Sdk\platform-tools;C:\Users\BarConT\AppData\Local\Android\Sdk\tools;C:\Users\BarConT\AppData\Local\Android\Sdk\tools\bin;C:\Program Files\Git\cmd;C:\Program Files (x86)\nodejs\;C:\Program Files\MySQL\MySQL Shell 8.0\bin\;C:\Users\BarConT\AppData\Local\Programs\Python\Python310\Scripts\;C:\Users\BarConT\AppData\Local\Programs\Python\Python310\;C:\Users\BarConT\AppData\Local\Microsoft\WindowsApps;C:\Users\BarConT\AppData\Local\Programs\Microsoft VS Code\bin;C:\Users\BarConT\Desktop\sqlite;C:\Program Files\MongoDB\Server\5.0\bin;C:\Users\BarConT\AppData\Roaming\npm;C:\Program Files\heroku\bin
USERNAME=BarConT
OS=Windows_NT
PROCESSOR_IDENTIFIER=AMD64 Family 23 Model 24 Stepping 1, AuthenticAMD



---------------  S Y S T E M  ---------------

OS: Windows 10.0 , 64 bit Build 19041 (10.0.19041.1706)

CPU:total 8 (initial active 8) (8 cores per cpu, 1 threads per core) family 23 model 24 stepping 1, cmov, cx8, fxsr, mmx, sse, sse2, sse3, ssse3, sse4.1, sse4.2, popcnt, avx, avx2, aes, clmul, mmxext, 3dnowpref, lzcnt, sse4a, tsc, tscinvbit, tscinv, bmi1

Memory: 4k page, physical 14627276k(4177652k free), swap 14627276k(5372k free)

vm_info: Java HotSpot(TM) 64-Bit Server VM (25.301-b09) for windows-amd64 JRE (1.8.0_301-b09), built on Jun  9 2021 06:46:21 by "java_re" with MS VC++ 15.9 (VS2017)

time: Sun May 22 15:37:39 2022
timezone: Hora estándar de Argentina
elapsed time: 3.237368 seconds (0d 0h 0m 3s)

