#
# There is insufficient memory for the Java Runtime Environment to continue.
# Native memory allocation (malloc) failed to allocate 1425936 bytes for Chunk::new
# Possible reasons:
#   The system is out of physical RAM or swap space
#   The process is running with CompressedOops enabled, and the Java Heap may be blocking the growth of the native heap
# Possible solutions:
#   Reduce memory load on the system
#   Increase physical memory or swap space
#   Check if swap backing store is full
#   Decrease Java heap size (-Xmx/-Xms)
#   Decrease number of Java threads
#   Decrease Java thread stack sizes (-Xss)
#   Set larger code cache with -XX:ReservedCodeCacheSize=
#   JVM is running with Zero Based Compressed Oops mode in which the Java heap is
#     placed in the first 32GB address space. The Java Heap base address is the
#     maximum limit for the native heap growth. Please use -XX:HeapBaseMinAddress
#     to set the Java Heap base and to place the Java Heap above 32GB virtual address.
# This output file may be truncated or incomplete.
#
#  Out of Memory Error (allocation.cpp:389), pid=8300, tid=0x0000000000001254
#
# JRE version: Java(TM) SE Runtime Environment (8.0_301-b09) (build 1.8.0_301-b09)
# Java VM: Java HotSpot(TM) 64-Bit Server VM (25.301-b09 mixed mode windows-amd64 compressed oops)
# Failed to write core dump. Minidumps are not enabled by default on client versions of Windows
#

---------------  T H R E A D  ---------------

Current thread (0x000002b8f7694000):  JavaThread "C2 CompilerThread2" daemon [_thread_in_native, id=4692, stack(0x000000f239900000,0x000000f239a00000)]

Stack: [0x000000f239900000,0x000000f239a00000]
Native frames: (J=compiled Java code, j=interpreted, Vv=VM code, C=native code)
V  [jvm.dll+0x32ed79]
V  [jvm.dll+0x275722]
V  [jvm.dll+0x2763cd]
V  [jvm.dll+0x26ce05]
V  [jvm.dll+0xd551c]
V  [jvm.dll+0xd5d1c]
V  [jvm.dll+0x470143]
V  [jvm.dll+0x437c50]
V  [jvm.dll+0x440c55]
V  [jvm.dll+0x440015]
V  [jvm.dll+0x42ae57]
V  [jvm.dll+0xac1bb]
V  [jvm.dll+0xaa81b]
V  [jvm.dll+0x23ddc2]
V  [jvm.dll+0x2923dc]
C  [ucrtbase.dll+0x21bb2]
C  [KERNEL32.DLL+0x17034]
C  [ntdll.dll+0x52651]


Current CompileTask:
C2:   4664 3691   !   4       java.net.URLClassLoader$1::run (63 bytes)


---------------  P R O C E S S  ---------------

Java Threads: ( => current thread )
  0x000002b8f953b800 JavaThread "container-0" [_thread_blocked, id=10392, stack(0x000000f23a500000,0x000000f23a600000)]
  0x000002b8f953d000 JavaThread "Catalina-utility-2" [_thread_blocked, id=16232, stack(0x000000f23a400000,0x000000f23a500000)]
  0x000002b8f953a800 JavaThread "HikariPool-1 connection adder" daemon [_thread_blocked, id=11912, stack(0x000000f23a300000,0x000000f23a400000)]
  0x000002b8f953a000 JavaThread "Catalina-utility-1" [_thread_blocked, id=10644, stack(0x000000f23a200000,0x000000f23a300000)]
  0x000002b8f9539000 JavaThread "HikariPool-1 housekeeper" daemon [_thread_blocked, id=13284, stack(0x000000f23a100000,0x000000f23a200000)]
  0x000002b8f9538800 JavaThread "mysql-cj-abandoned-connection-cleanup" daemon [_thread_blocked, id=10856, stack(0x000000f239f00000,0x000000f23a000000)]
  0x000002b8f953c000 JavaThread "restartedMain" [_thread_in_native, id=14392, stack(0x000000f239e00000,0x000000f239f00000)]
  0x000002b8f953d800 JavaThread "Thread-0" [_thread_blocked, id=9884, stack(0x000000f239d00000,0x000000f239e00000)]
  0x000002b8f953f000 JavaThread "Service Thread" daemon [_thread_blocked, id=11716, stack(0x000000f239b00000,0x000000f239c00000)]
  0x000002b8f7699000 JavaThread "C1 CompilerThread3" daemon [_thread_blocked, id=11020, stack(0x000000f239a00000,0x000000f239b00000)]
=>0x000002b8f7694000 JavaThread "C2 CompilerThread2" daemon [_thread_in_native, id=4692, stack(0x000000f239900000,0x000000f239a00000)]
  0x000002b8f768e000 JavaThread "C2 CompilerThread1" daemon [_thread_in_native, id=15504, stack(0x000000f239800000,0x000000f239900000)]
  0x000002b8f768a000 JavaThread "C2 CompilerThread0" daemon [_thread_in_native, id=7184, stack(0x000000f239700000,0x000000f239800000)]
  0x000002b8f7689000 JavaThread "Attach Listener" daemon [_thread_blocked, id=8968, stack(0x000000f239600000,0x000000f239700000)]
  0x000002b8f7687000 JavaThread "Signal Dispatcher" daemon [_thread_blocked, id=5272, stack(0x000000f239500000,0x000000f239600000)]
  0x000002b8f765a000 JavaThread "Finalizer" daemon [_thread_blocked, id=13128, stack(0x000000f239400000,0x000000f239500000)]
  0x000002b8f7652800 JavaThread "Reference Handler" daemon [_thread_blocked, id=15092, stack(0x000000f239300000,0x000000f239400000)]
  0x000002b8ddcb0800 JavaThread "main" [_thread_blocked, id=14652, stack(0x000000f238900000,0x000000f238a00000)]

Other Threads:
  0x000002b8f7629800 VMThread [stack: 0x000000f239200000,0x000000f239300000] [id=10348]
  0x000002b8f76fd000 WatcherThread [stack: 0x000000f239c00000,0x000000f239d00000] [id=13412]

VM state:not at safepoint (normal execution)

VM Mutex/Monitor currently owned by a thread: None

heap address: 0x00000006e0c00000, size: 3572 MB, Compressed Oops mode: Zero based, Oop shift amount: 3
Narrow klass base: 0x0000000000000000, Narrow klass shift: 3
Compressed class space size: 1073741824 Address: 0x00000007c0000000

Heap:
 PSYoungGen      total 183808K, used 130195K [0x0000000775980000, 0x0000000781b80000, 0x00000007c0000000)
  eden space 171008K, 76% used [0x0000000775980000,0x000000077d8a4d38,0x0000000780080000)
  from space 12800K, 0% used [0x0000000780f00000,0x0000000780f00000,0x0000000781b80000)
  to   space 13824K, 0% used [0x0000000780080000,0x0000000780080000,0x0000000780e00000)
 ParOldGen       total 149504K, used 14752K [0x00000006e0c00000, 0x00000006e9e00000, 0x0000000775980000)
  object space 149504K, 9% used [0x00000006e0c00000,0x00000006e1a68258,0x00000006e9e00000)
 Metaspace       used 47238K, capacity 49780K, committed 49920K, reserved 1091584K
  class space    used 6441K, capacity 6905K, committed 6912K, reserved 1048576K

Card table byte_map: [0x000002b8ee9b0000,0x000002b8ef0b0000] byte_map_base: 0x000002b8eb2aa000

Marking Bits: (ParMarkBitMap*) 0x0000000054dd7fe0
 Begin Bits: [0x000002b8ef560000, 0x000002b8f2d30000)
 End Bits:   [0x000002b8f2d30000, 0x000002b8f6500000)

Polling page: 0x000002b8dddc0000

CodeCache: size=245760Kb used=13505Kb max_used=13505Kb free=232254Kb
 bounds [0x000002b8df5f0000, 0x000002b8e0330000, 0x000002b8ee5f0000]
 total_blobs=4177 nmethods=3676 adapters=414
 compilation: enabled

Compilation events (10 events):
Event: 4.600 Thread 0x000002b8f7699000 3703       3       com.mysql.cj.util.StringInspector::indexOfNextNonWsChar (66 bytes)
Event: 4.600 Thread 0x000002b8f7699000 nmethod 3703 0x000002b8e02fe390 code [0x000002b8e02fe540, 0x000002b8e02fe9a0]
Event: 4.600 Thread 0x000002b8f7699000 3704       3       com.mysql.cj.util.StringInspector::incrementPosition (9 bytes)
Event: 4.600 Thread 0x000002b8f7699000 nmethod 3704 0x000002b8e02edb10 code [0x000002b8e02edc80, 0x000002b8e02ede30]
Event: 4.644 Thread 0x000002b8f7699000 3706       1       com.mysql.cj.result.Field::getCollationIndex (5 bytes)
Event: 4.644 Thread 0x000002b8f7699000 nmethod 3706 0x000002b8e02fe0d0 code [0x000002b8e02fe220, 0x000002b8e02fe338]
Event: 4.644 Thread 0x000002b8f7699000 3708       3       java.util.PropertyResourceBundle::handleGetObject (23 bytes)
Event: 4.644 Thread 0x000002b8f7699000 nmethod 3708 0x000002b8e02fdb10 code [0x000002b8e02fdca0, 0x000002b8e02fdfa0]
Event: 4.644 Thread 0x000002b8f7699000 3707       1       com.mysql.cj.result.Field::getEncoding (5 bytes)
Event: 4.644 Thread 0x000002b8f7699000 nmethod 3707 0x000002b8e02fd850 code [0x000002b8e02fd9a0, 0x000002b8e02fdab8]

GC Heap History (10 events):
Event: 1.280 GC heap before
{Heap before GC invocations=4 (full 0):
 PSYoungGen      total 67072K, used 18405K [0x0000000775980000, 0x000000077dc80000, 0x00000007c0000000)
  eden space 57856K, 19% used [0x0000000775980000,0x0000000776497f90,0x0000000779200000)
  from space 9216K, 76% used [0x0000000779200000,0x00000007798e1848,0x0000000779b00000)
  to   space 9216K, 0% used [0x000000077d380000,0x000000077d380000,0x000000077dc80000)
 ParOldGen       total 153088K, used 1347K [0x00000006e0c00000, 0x00000006ea180000, 0x0000000775980000)
  object space 153088K, 0% used [0x00000006e0c00000,0x00000006e0d50c18,0x00000006ea180000)
 Metaspace       used 20202K, capacity 21160K, committed 21248K, reserved 1067008K
  class space    used 2520K, capacity 2737K, committed 2816K, reserved 1048576K
Event: 1.285 GC heap after
Heap after GC invocations=4 (full 0):
 PSYoungGen      total 124928K, used 6173K [0x0000000775980000, 0x000000077dc80000, 0x00000007c0000000)
  eden space 115712K, 0% used [0x0000000775980000,0x0000000775980000,0x000000077ca80000)
  from space 9216K, 66% used [0x000000077d380000,0x000000077d987450,0x000000077dc80000)
  to   space 9216K, 0% used [0x000000077ca80000,0x000000077ca80000,0x000000077d380000)
 ParOldGen       total 153088K, used 1355K [0x00000006e0c00000, 0x00000006ea180000, 0x0000000775980000)
  object space 153088K, 0% used [0x00000006e0c00000,0x00000006e0d52c18,0x00000006ea180000)
 Metaspace       used 20202K, capacity 21160K, committed 21248K, reserved 1067008K
  class space    used 2520K, capacity 2737K, committed 2816K, reserved 1048576K
}
Event: 1.285 GC heap before
{Heap before GC invocations=5 (full 1):
 PSYoungGen      total 124928K, used 6173K [0x0000000775980000, 0x000000077dc80000, 0x00000007c0000000)
  eden space 115712K, 0% used [0x0000000775980000,0x0000000775980000,0x000000077ca80000)
  from space 9216K, 66% used [0x000000077d380000,0x000000077d987450,0x000000077dc80000)
  to   space 9216K, 0% used [0x000000077ca80000,0x000000077ca80000,0x000000077d380000)
 ParOldGen       total 153088K, used 1355K [0x00000006e0c00000, 0x00000006ea180000, 0x0000000775980000)
  object space 153088K, 0% used [0x00000006e0c00000,0x00000006e0d52c18,0x00000006ea180000)
 Metaspace       used 20202K, capacity 21160K, committed 21248K, reserved 1067008K
  class space    used 2520K, capacity 2737K, committed 2816K, reserved 1048576K
Event: 1.305 GC heap after
Heap after GC invocations=5 (full 1):
 PSYoungGen      total 124928K, used 0K [0x0000000775980000, 0x000000077dc80000, 0x00000007c0000000)
  eden space 115712K, 0% used [0x0000000775980000,0x0000000775980000,0x000000077ca80000)
  from space 9216K, 0% used [0x000000077d380000,0x000000077d380000,0x000000077dc80000)
  to   space 9216K, 0% used [0x000000077ca80000,0x000000077ca80000,0x000000077d380000)
 ParOldGen       total 92672K, used 6007K [0x00000006e0c00000, 0x00000006e6680000, 0x0000000775980000)
  object space 92672K, 6% used [0x00000006e0c00000,0x00000006e11ddfd0,0x00000006e6680000)
 Metaspace       used 20202K, capacity 21160K, committed 21248K, reserved 1067008K
  class space    used 2520K, capacity 2737K, committed 2816K, reserved 1048576K
}
Event: 2.591 GC heap before
{Heap before GC invocations=6 (full 1):
 PSYoungGen      total 124928K, used 115684K [0x0000000775980000, 0x000000077dc80000, 0x00000007c0000000)
  eden space 115712K, 99% used [0x0000000775980000,0x000000077ca79290,0x000000077ca80000)
  from space 9216K, 0% used [0x000000077d380000,0x000000077d380000,0x000000077dc80000)
  to   space 9216K, 0% used [0x000000077ca80000,0x000000077ca80000,0x000000077d380000)
 ParOldGen       total 92672K, used 6007K [0x00000006e0c00000, 0x00000006e6680000, 0x0000000775980000)
  object space 92672K, 6% used [0x00000006e0c00000,0x00000006e11ddfd0,0x00000006e6680000)
 Metaspace       used 29168K, capacity 31056K, committed 31360K, reserved 1077248K
  class space    used 3750K, capacity 4103K, committed 4224K, reserved 1048576K
Event: 2.599 GC heap after
Heap after GC invocations=6 (full 1):
 PSYoungGen      total 124928K, used 9207K [0x0000000775980000, 0x0000000781c00000, 0x00000007c0000000)
  eden space 115712K, 0% used [0x0000000775980000,0x0000000775980000,0x000000077ca80000)
  from space 9216K, 99% used [0x000000077ca80000,0x000000077d37de88,0x000000077d380000)
  to   space 13312K, 0% used [0x0000000780f00000,0x0000000780f00000,0x0000000781c00000)
 ParOldGen       total 92672K, used 9285K [0x00000006e0c00000, 0x00000006e6680000, 0x0000000775980000)
  object space 92672K, 10% used [0x00000006e0c00000,0x00000006e15116f0,0x00000006e6680000)
 Metaspace       used 29168K, capacity 31056K, committed 31360K, reserved 1077248K
  class space    used 3750K, capacity 4103K, committed 4224K, reserved 1048576K
}
Event: 3.261 GC heap before
{Heap before GC invocations=7 (full 1):
 PSYoungGen      total 124928K, used 98941K [0x0000000775980000, 0x0000000781c00000, 0x00000007c0000000)
  eden space 115712K, 77% used [0x0000000775980000,0x000000077b121740,0x000000077ca80000)
  from space 9216K, 99% used [0x000000077ca80000,0x000000077d37de88,0x000000077d380000)
  to   space 13312K, 0% used [0x0000000780f00000,0x0000000780f00000,0x0000000781c00000)
 ParOldGen       total 92672K, used 9285K [0x00000006e0c00000, 0x00000006e6680000, 0x0000000775980000)
  object space 92672K, 10% used [0x00000006e0c00000,0x00000006e15116f0,0x00000006e6680000)
 Metaspace       used 33321K, capacity 35338K, committed 35416K, reserved 1081344K
  class space    used 4220K, capacity 4606K, committed 4608K, reserved 1048576K
Event: 3.269 GC heap after
Heap after GC invocations=7 (full 1):
 PSYoungGen      total 183808K, used 10404K [0x0000000775980000, 0x0000000781b80000, 0x00000007c0000000)
  eden space 171008K, 0% used [0x0000000775980000,0x0000000775980000,0x0000000780080000)
  from space 12800K, 81% used [0x0000000780f00000,0x00000007819292e0,0x0000000781b80000)
  to   space 13824K, 0% used [0x0000000780080000,0x0000000780080000,0x0000000780e00000)
 ParOldGen       total 92672K, used 9293K [0x00000006e0c00000, 0x00000006e6680000, 0x0000000775980000)
  object space 92672K, 10% used [0x00000006e0c00000,0x00000006e15136f0,0x00000006e6680000)
 Metaspace       used 33321K, capacity 35338K, committed 35416K, reserved 1081344K
  class space    used 4220K, capacity 4606K, committed 4608K, reserved 1048576K
}
Event: 3.269 GC heap before
{Heap before GC invocations=8 (full 2):
 PSYoungGen      total 183808K, used 10404K [0x0000000775980000, 0x0000000781b80000, 0x00000007c0000000)
  eden space 171008K, 0% used [0x0000000775980000,0x0000000775980000,0x0000000780080000)
  from space 12800K, 81% used [0x0000000780f00000,0x00000007819292e0,0x0000000781b80000)
  to   space 13824K, 0% used [0x0000000780080000,0x0000000780080000,0x0000000780e00000)
 ParOldGen       total 92672K, used 9293K [0x00000006e0c00000, 0x00000006e6680000, 0x0000000775980000)
  object space 92672K, 10% used [0x00000006e0c00000,0x00000006e15136f0,0x00000006e6680000)
 Metaspace       used 33321K, capacity 35338K, committed 35416K, reserved 1081344K
  class space    used 4220K, capacity 4606K, committed 4608K, reserved 1048576K
Event: 3.305 GC heap after
Heap after GC invocations=8 (full 2):
 PSYoungGen      total 183808K, used 0K [0x0000000775980000, 0x0000000781b80000, 0x00000007c0000000)
  eden space 171008K, 0% used [0x0000000775980000,0x0000000775980000,0x0000000780080000)
  from space 12800K, 0% used [0x0000000780f00000,0x0000000780f00000,0x0000000781b80000)
  to   space 13824K, 0% used [0x0000000780080000,0x0000000780080000,0x0000000780e00000)
 ParOldGen       total 149504K, used 14752K [0x00000006e0c00000, 0x00000006e9e00000, 0x0000000775980000)
  object space 149504K, 9% used [0x00000006e0c00000,0x00000006e1a68258,0x00000006e9e00000)
 Metaspace       used 33321K, capacity 35338K, committed 35416K, reserved 1081344K
  class space    used 4220K, capacity 4606K, committed 4608K, reserved 1048576K
}

Deoptimization events (10 events):
Event: 3.731 Thread 0x000002b8f953c000 Uncommon trap: reason=bimorphic action=maybe_recompile pc=0x000002b8dfc5f124 method=java.lang.ClassLoader.loadClass(Ljava/lang/String;Z)Ljava/lang/Class; @ 70
Event: 3.838 Thread 0x000002b8f953c000 Uncommon trap: reason=bimorphic action=maybe_recompile pc=0x000002b8dfc5f124 method=java.lang.ClassLoader.loadClass(Ljava/lang/String;Z)Ljava/lang/Class; @ 70
Event: 3.861 Thread 0x000002b8f953c000 Uncommon trap: reason=bimorphic action=maybe_recompile pc=0x000002b8dfc5f124 method=java.lang.ClassLoader.loadClass(Ljava/lang/String;Z)Ljava/lang/Class; @ 70
Event: 4.030 Thread 0x000002b8f953c000 Uncommon trap: reason=unstable_if action=reinterpret pc=0x000002b8dfd60b1c method=org.springframework.beans.factory.support.AbstractAutowireCapableBeanFactory.determineTargetType(Ljava/lang/String;Lorg/springframework/beans/factory/support/RootBeanDefinit
Event: 4.097 Thread 0x000002b8f953c000 Uncommon trap: reason=null_check action=make_not_entrant pc=0x000002b8e0290338 method=java.lang.reflect.Array.newInstance(Ljava/lang/Class;I)Ljava/lang/Object; @ 2
Event: 4.122 Thread 0x000002b8f953c000 Uncommon trap: reason=unstable_if action=reinterpret pc=0x000002b8dffe1040 method=java.lang.Class$MethodArray.addIfNotPresent(Ljava/lang/reflect/Method;)V @ 19
Event: 4.122 Thread 0x000002b8f953c000 Uncommon trap: reason=unstable_if action=reinterpret pc=0x000002b8dffe4b34 method=java.lang.Class$MethodArray.addIfNotPresent(Ljava/lang/reflect/Method;)V @ 19
Event: 4.143 Thread 0x000002b8f953c000 Uncommon trap: reason=bimorphic action=maybe_recompile pc=0x000002b8e025c2b4 method=java.lang.Throwable.<init>(Ljava/lang/String;Ljava/lang/Throwable;)V @ 24
Event: 4.145 Thread 0x000002b8f953c000 Uncommon trap: reason=bimorphic action=maybe_recompile pc=0x000002b8e025c2b4 method=java.lang.Throwable.<init>(Ljava/lang/String;Ljava/lang/Throwable;)V @ 24
Event: 4.371 Thread 0x000002b8f953c000 Uncommon trap: reason=unstable_if action=reinterpret pc=0x000002b8e015d83c method=java.util.HashMap$HashIterator.<init>(Ljava/util/HashMap;)V @ 45

Classes redefined (0 events):
No events

Internal exceptions (10 events):
Event: 2.609 Thread 0x000002b8f953c000 Exception <a 'sun/nio/fs/WindowsException'> (0x0000000776b2f628) thrown at [C:\jenkins\workspace\8-2-build-windows-amd64-cygwin\jdk8u301\1513\hotspot\src\share\vm\prims\jni.cpp, line 710]
Event: 2.609 Thread 0x000002b8f953c000 Exception <a 'sun/nio/fs/WindowsException'> (0x0000000776b2fcf0) thrown at [C:\jenkins\workspace\8-2-build-windows-amd64-cygwin\jdk8u301\1513\hotspot\src\share\vm\prims\jni.cpp, line 710]
Event: 2.647 Thread 0x000002b8f953c000 Implicit null exception at 0x000002b8e0026623 to 0x000002b8e0028acd
Event: 2.696 Thread 0x000002b8f953c000 Exception <a 'java/io/FileNotFoundException'> (0x00000007797ec8f8) thrown at [C:\jenkins\workspace\8-2-build-windows-amd64-cygwin\jdk8u301\1513\hotspot\src\share\vm\prims\jni.cpp, line 710]
Event: 2.759 Thread 0x000002b8f953c000 Implicit null exception at 0x000002b8df8bf9d4 to 0x000002b8df8bfd81
Event: 3.316 Thread 0x000002b8f953c000 Exception <a 'java/io/FileNotFoundException'> (0x00000007759c1e58) thrown at [C:\jenkins\workspace\8-2-build-windows-amd64-cygwin\jdk8u301\1513\hotspot\src\share\vm\prims\jni.cpp, line 710]
Event: 3.353 Thread 0x000002b8f953c000 Implicit null exception at 0x000002b8dff75911 to 0x000002b8dff76e85
Event: 3.589 Thread 0x000002b8f953c000 Exception <a 'java/lang/ClassNotFoundException': java/lang/Module> (0x000000077728c298) thrown at [C:\jenkins\workspace\8-2-build-windows-amd64-cygwin\jdk8u301\1513\hotspot\src\share\vm\classfile\systemDictionary.cpp, line 212]
Event: 4.431 Thread 0x000002b8f953c000 Exception <a 'java/lang/ClassNotFoundException': java/lang/Module> (0x000000077c784738) thrown at [C:\jenkins\workspace\8-2-build-windows-amd64-cygwin\jdk8u301\1513\hotspot\src\share\vm\classfile\systemDictionary.cpp, line 212]
Event: 4.468 Thread 0x000002b8f953c000 Exception <a 'java/lang/NoSuchMethodError': java.lang.Object.lambda$static$0(Lorg/hibernate/loader/plan/spi/LoadPlan;Lorg/hibernate/loader/plan/exec/spi/AliasResolutionContext;Lorg/hibernate/loader/plan/exec/process/spi/ReaderCollector;ZZ)Lorg/hibernate/l

Events (10 events):
Event: 4.643 loading class org/hibernate/tool/schema/extract/internal/TableInformationImpl
Event: 4.643 loading class org/hibernate/tool/schema/extract/internal/TableInformationImpl done
Event: 4.644 loading class org/hibernate/tool/schema/extract/spi/NameSpaceTablesInformation
Event: 4.644 loading class org/hibernate/tool/schema/extract/spi/NameSpaceTablesInformation done
Event: 4.644 loading class org/hibernate/tool/schema/extract/internal/AbstractInformationExtractorImpl
Event: 4.644 loading class org/hibernate/tool/schema/extract/internal/AbstractInformationExtractorImpl done
Event: 4.644 loading class com/mysql/cj/jdbc/DatabaseMetaDataUsingInfoSchema$1
Event: 4.644 loading class com/mysql/cj/jdbc/DatabaseMetaDataUsingInfoSchema$1 done
Event: 4.645 loading class com/mysql/cj/jdbc/DatabaseMetaDataUsingInfoSchema$FunctionConstant
Event: 4.645 loading class com/mysql/cj/jdbc/DatabaseMetaDataUsingInfoSchema$FunctionConstant done


Dynamic libraries:
0x00007ff615cb0000 - 0x00007ff615cf7000 	C:\Program Files\Java\jdk1.8.0_301\bin\java.exe
0x00007ffaa00f0000 - 0x00007ffaa02e5000 	C:\Windows\SYSTEM32\ntdll.dll
0x00007ffa9fa20000 - 0x00007ffa9fadd000 	C:\Windows\System32\KERNEL32.DLL
0x00007ffa9dc60000 - 0x00007ffa9df2d000 	C:\Windows\System32\KERNELBASE.dll
0x00007ffa9f910000 - 0x00007ffa9f9be000 	C:\Windows\System32\ADVAPI32.dll
0x00007ffa9efd0000 - 0x00007ffa9f06e000 	C:\Windows\System32\msvcrt.dll
0x00007ffa9fb90000 - 0x00007ffa9fc2c000 	C:\Windows\System32\sechost.dll
0x00007ffa9fe50000 - 0x00007ffa9ff75000 	C:\Windows\System32\RPCRT4.dll
0x00007ffa9e560000 - 0x00007ffa9e700000 	C:\Windows\System32\USER32.dll
0x00007ffa9d830000 - 0x00007ffa9d852000 	C:\Windows\System32\win32u.dll
0x00007ffaa0080000 - 0x00007ffaa00aa000 	C:\Windows\System32\GDI32.dll
0x00007ffa9df30000 - 0x00007ffa9e03b000 	C:\Windows\System32\gdi32full.dll
0x00007ffa9d860000 - 0x00007ffa9d8fd000 	C:\Windows\System32\msvcp_win.dll
0x00007ffa9e040000 - 0x00007ffa9e140000 	C:\Windows\System32\ucrtbase.dll
0x00007ffa882a0000 - 0x00007ffa8853a000 	C:\Windows\WinSxS\amd64_microsoft.windows.common-controls_6595b64144ccf1df_6.0.19041.1110_none_60b5254171f9507e\COMCTL32.dll
0x00007ffaa0050000 - 0x00007ffaa0080000 	C:\Windows\System32\IMM32.DLL
0x00007ffa94c40000 - 0x00007ffa94c55000 	C:\Program Files\Java\jdk1.8.0_301\jre\bin\vcruntime140.dll
0x00007ffa88a80000 - 0x00007ffa88b1b000 	C:\Program Files\Java\jdk1.8.0_301\jre\bin\msvcp140.dll
0x00000000545f0000 - 0x0000000054e50000 	C:\Program Files\Java\jdk1.8.0_301\jre\bin\server\jvm.dll
0x00007ffa9e280000 - 0x00007ffa9e288000 	C:\Windows\System32\PSAPI.DLL
0x00007ffa95620000 - 0x00007ffa95629000 	C:\Windows\SYSTEM32\WSOCK32.dll
0x00007ffa95c10000 - 0x00007ffa95c1a000 	C:\Windows\SYSTEM32\VERSION.dll
0x00007ffa8eb40000 - 0x00007ffa8eb67000 	C:\Windows\SYSTEM32\WINMM.dll
0x00007ffa9fc30000 - 0x00007ffa9fc9b000 	C:\Windows\System32\WS2_32.dll
0x00007ffa9b720000 - 0x00007ffa9b732000 	C:\Windows\SYSTEM32\kernel.appcore.dll
0x00007ffa9a7f0000 - 0x00007ffa9a800000 	C:\Program Files\Java\jdk1.8.0_301\jre\bin\verify.dll
0x00007ffa90e60000 - 0x00007ffa90e8b000 	C:\Program Files\Java\jdk1.8.0_301\jre\bin\java.dll
0x00007ffa90d50000 - 0x00007ffa90d68000 	C:\Program Files\Java\jdk1.8.0_301\jre\bin\zip.dll
0x00007ffa9f190000 - 0x00007ffa9f8d4000 	C:\Windows\System32\SHELL32.dll
0x00007ffa9b920000 - 0x00007ffa9c0b4000 	C:\Windows\SYSTEM32\windows.storage.dll
0x00007ffa9e760000 - 0x00007ffa9eab4000 	C:\Windows\System32\combase.dll
0x00007ffa9d190000 - 0x00007ffa9d1bc000 	C:\Windows\SYSTEM32\Wldp.dll
0x00007ffa9fae0000 - 0x00007ffa9fb8d000 	C:\Windows\System32\SHCORE.dll
0x00007ffa9e700000 - 0x00007ffa9e755000 	C:\Windows\System32\shlwapi.dll
0x00007ffa9d6f0000 - 0x00007ffa9d70f000 	C:\Windows\SYSTEM32\profapi.dll
0x00007ffa99500000 - 0x00007ffa9950d000 	C:\Program Files\Java\jdk1.8.0_301\jre\bin\management.dll
0x00007ffa909b0000 - 0x00007ffa909cc000 	C:\Program Files\Java\jdk1.8.0_301\jre\bin\net.dll
0x00007ffa9cef0000 - 0x00007ffa9cf5a000 	C:\Windows\system32\mswsock.dll
0x00007ffa95c80000 - 0x00007ffa95c97000 	C:\Windows\system32\napinsp.dll
0x00007ffa95c60000 - 0x00007ffa95c7b000 	C:\Windows\system32\pnrpnsp.dll
0x00007ffa95c40000 - 0x00007ffa95c55000 	C:\Windows\system32\wshbth.dll
0x00007ffa97a30000 - 0x00007ffa97a4d000 	C:\Windows\system32\NLAapi.dll
0x00007ffa9cbe0000 - 0x00007ffa9cc1b000 	C:\Windows\SYSTEM32\IPHLPAPI.DLL
0x00007ffa9cc70000 - 0x00007ffa9cd3b000 	C:\Windows\SYSTEM32\DNSAPI.dll
0x00007ffa9f900000 - 0x00007ffa9f908000 	C:\Windows\System32\NSI.dll
0x00007ffa95c20000 - 0x00007ffa95c32000 	C:\Windows\System32\winrnr.dll
0x00007ffa95f00000 - 0x00007ffa95f0a000 	C:\Windows\System32\rasadhlp.dll
0x00007ffa96250000 - 0x00007ffa962d0000 	C:\Windows\System32\fwpuclnt.dll
0x00007ffa9d800000 - 0x00007ffa9d827000 	C:\Windows\System32\bcrypt.dll
0x00007ffa8ff20000 - 0x00007ffa8ff33000 	C:\Program Files\Java\jdk1.8.0_301\jre\bin\nio.dll
0x00007ffa9d0e0000 - 0x00007ffa9d0f8000 	C:\Windows\SYSTEM32\CRYPTSP.dll
0x00007ffa9c870000 - 0x00007ffa9c8a4000 	C:\Windows\system32\rsaenh.dll
0x00007ffa9d650000 - 0x00007ffa9d67e000 	C:\Windows\SYSTEM32\USERENV.dll
0x00007ffa9db20000 - 0x00007ffa9dba2000 	C:\Windows\System32\bcryptprimitives.dll
0x00007ffa9d100000 - 0x00007ffa9d10c000 	C:\Windows\SYSTEM32\CRYPTBASE.dll
0x00007ffa97cc0000 - 0x00007ffa97cd7000 	C:\Windows\SYSTEM32\dhcpcsvc6.DLL
0x00007ffa97ca0000 - 0x00007ffa97cbd000 	C:\Windows\SYSTEM32\dhcpcsvc.DLL
0x00007ffa8e300000 - 0x00007ffa8e324000 	C:\Program Files\Java\jdk1.8.0_301\jre\bin\sunec.dll
0x00007ffa99310000 - 0x00007ffa9931d000 	C:\Program Files\Java\jdk1.8.0_301\jre\bin\sunmscapi.dll
0x00007ffa9d950000 - 0x00007ffa9daa6000 	C:\Windows\System32\CRYPT32.dll
0x00007ffa9d200000 - 0x00007ffa9d227000 	C:\Windows\SYSTEM32\ncrypt.dll
0x00007ffa9d1c0000 - 0x00007ffa9d1fb000 	C:\Windows\SYSTEM32\NTASN1.dll
0x00007ffa98940000 - 0x00007ffa98b24000 	C:\Windows\SYSTEM32\dbghelp.dll

VM Arguments:
java_command: com.portfolio.api.ApiApplication
java_class_path (initial): C:\Users\BarConT\Desktop\YoProgramo\api\target\classes;C:\Users\BarConT\.m2\repository\org\springframework\boot\spring-boot-starter-web\2.7.0\spring-boot-starter-web-2.7.0.jar;C:\Users\BarConT\.m2\repository\org\springframework\boot\spring-boot-starter\2.7.0\spring-boot-starter-2.7.0.jar;C:\Users\BarConT\.m2\repository\org\springframework\boot\spring-boot-starter-logging\2.7.0\spring-boot-starter-logging-2.7.0.jar;C:\Users\BarConT\.m2\repository\ch\qos\logback\logback-classic\1.2.11\logback-classic-1.2.11.jar;C:\Users\BarConT\.m2\repository\ch\qos\logback\logback-core\1.2.11\logback-core-1.2.11.jar;C:\Users\BarConT\.m2\repository\org\apache\logging\log4j\log4j-to-slf4j\2.17.2\log4j-to-slf4j-2.17.2.jar;C:\Users\BarConT\.m2\repository\org\apache\logging\log4j\log4j-api\2.17.2\log4j-api-2.17.2.jar;C:\Users\BarConT\.m2\repository\org\slf4j\jul-to-slf4j\1.7.36\jul-to-slf4j-1.7.36.jar;C:\Users\BarConT\.m2\repository\jakarta\annotation\jakarta.annotation-api\1.3.5\jakarta.annotation-api-1.3.5.jar;C:\Users\BarConT\.m2\repository\org\yaml\snakeyaml\1.30\snakeyaml-1.30.jar;C:\Users\BarConT\.m2\repository\org\springframework\boot\spring-boot-starter-json\2.7.0\spring-boot-starter-json-2.7.0.jar;C:\Users\BarConT\.m2\repository\com\fasterxml\jackson\core\jackson-databind\2.13.3\jackson-databind-2.13.3.jar;C:\Users\BarConT\.m2\repository\com\fasterxml\jackson\core\jackson-annotations\2.13.3\jackson-annotations-2.13.3.jar;C:\Users\BarConT\.m2\repository\com\fasterxml\jackson\core\jackson-core\2.13.3\jackson-core-2.13.3.jar;C:\Users\BarConT\.m2\repository\com\fasterxml\jackson\datatype\jackson-datatype-jdk8\2.13.3\jackson-datatype-jdk8-2.13.3.jar;C:\Users\BarConT\.m2\repository\com\fasterxml\jackson\datatype\jackson-datatype-jsr310\2.13.3\jackson-datatype-jsr310-2.13.3.jar;C:\Users\BarConT\.m2\repository\com\fasterxml\jackson\module\jackson-module-parameter-names\2.13.3\jackson-module-parameter-names-2.13.3.jar;C:\Users\BarConT\.m2\repository\org\spring
Launcher Type: SUN_STANDARD

Environment Variables:
JAVA_HOME=C:\Program Files\Java\jdk1.8.0_301
PATH=C:\Windows\system32;C:\Windows;C:\Windows\System32\Wbem;C:\Program Files (x86)\Common Files\Oracle\Java\javapath;C:\Windows\System32\WindowsPowerShell\v1.0\;C:\Windows\System32\OpenSSH\;C:\ProgramData\chocolatey\bin;C:\Program Files\OpenJDK\openjdk-8u302-b08\bin;C:\Users\BarConT\AppData\Local\Android\Sdk\platform-tools;C:\Users\BarConT\AppData\Local\Android\Sdk\tools;C:\Users\BarConT\AppData\Local\Android\Sdk\tools\bin;C:\Program Files\Git\cmd;C:\Program Files (x86)\nodejs\;C:\Program Files\MySQL\MySQL Shell 8.0\bin\;C:\Users\BarConT\AppData\Local\Programs\Python\Python310\Scripts\;C:\Users\BarConT\AppData\Local\Programs\Python\Python310\;C:\Users\BarConT\AppData\Local\Microsoft\WindowsApps;C:\Users\BarConT\AppData\Local\Programs\Microsoft VS Code\bin;C:\Users\BarConT\Desktop\sqlite;C:\Program Files\MongoDB\Server\5.0\bin;C:\Users\BarConT\AppData\Roaming\npm;C:\Program Files\heroku\bin
USERNAME=BarConT
OS=Windows_NT
PROCESSOR_IDENTIFIER=AMD64 Family 23 Model 24 Stepping 1, AuthenticAMD



---------------  S Y S T E M  ---------------

OS: Windows 10.0 , 64 bit Build 19041 (10.0.19041.1706)

CPU:total 8 (initial active 8) (8 cores per cpu, 1 threads per core) family 23 model 24 stepping 1, cmov, cx8, fxsr, mmx, sse, sse2, sse3, ssse3, sse4.1, sse4.2, popcnt, avx, avx2, aes, clmul, mmxext, 3dnowpref, lzcnt, sse4a, tsc, tscinvbit, tscinv, bmi1

Memory: 4k page, physical 14627276k(4425076k free), swap 14627276k(6508k free)

vm_info: Java HotSpot(TM) 64-Bit Server VM (25.301-b09) for windows-amd64 JRE (1.8.0_301-b09), built on Jun  9 2021 06:46:21 by "java_re" with MS VC++ 15.9 (VS2017)

time: Sun May 22 16:39:54 2022
timezone: Hora estándar de Argentina
elapsed time: 4.668669 seconds (0d 0h 0m 4s)

