#
# There is insufficient memory for the Java Runtime Environment to continue.
# Native memory allocation (malloc) failed to allocate 1335216 bytes for Chunk::new
# Possible reasons:
#   The system is out of physical RAM or swap space
#   The process is running with CompressedOops enabled, and the Java Heap may be blocking the growth of the native heap
# Possible solutions:
#   Reduce memory load on the system
#   Increase physical memory or swap space
#   Check if swap backing store is full
#   Decrease Java heap size (-Xmx/-Xms)
#   Decrease number of Java threads
#   Decrease Java thread stack sizes (-Xss)
#   Set larger code cache with -XX:ReservedCodeCacheSize=
#   JVM is running with Zero Based Compressed Oops mode in which the Java heap is
#     placed in the first 32GB address space. The Java Heap base address is the
#     maximum limit for the native heap growth. Please use -XX:HeapBaseMinAddress
#     to set the Java Heap base and to place the Java Heap above 32GB virtual address.
# This output file may be truncated or incomplete.
#
#  Out of Memory Error (allocation.cpp:389), pid=1648, tid=0x00000000000021b0
#
# JRE version: Java(TM) SE Runtime Environment (8.0_301-b09) (build 1.8.0_301-b09)
# Java VM: Java HotSpot(TM) 64-Bit Server VM (25.301-b09 mixed mode windows-amd64 compressed oops)
# Failed to write core dump. Minidumps are not enabled by default on client versions of Windows
#

---------------  T H R E A D  ---------------

Current thread (0x00000179ce593800):  JavaThread "C2 CompilerThread0" daemon [_thread_in_native, id=8624, stack(0x000000260e600000,0x000000260e700000)]

Stack: [0x000000260e600000,0x000000260e700000]
Native frames: (J=compiled Java code, j=interpreted, Vv=VM code, C=native code)
V  [jvm.dll+0x32ed79]
V  [jvm.dll+0x275722]
V  [jvm.dll+0x2763cd]
V  [jvm.dll+0x26ce05]
V  [jvm.dll+0xd551c]
V  [jvm.dll+0xd5d1c]
V  [jvm.dll+0x470143]
V  [jvm.dll+0x437c50]
V  [jvm.dll+0x440c55]
V  [jvm.dll+0x440015]
V  [jvm.dll+0x42ae57]
V  [jvm.dll+0xac1bb]
V  [jvm.dll+0xaa81b]
V  [jvm.dll+0x23ddc2]
V  [jvm.dll+0x2923dc]
C  [ucrtbase.dll+0x21bb2]
C  [KERNEL32.DLL+0x17034]
C  [ntdll.dll+0x52651]


Current CompileTask:
C2:   4601 3563   !   4       java.net.URLClassLoader$1::run (63 bytes)


---------------  P R O C E S S  ---------------

Java Threads: ( => current thread )
  0x00000179ce5a5000 JavaThread "HikariPool-1 connection adder" daemon [_thread_blocked, id=2864, stack(0x000000260f400000,0x000000260f500000)]
  0x00000179ce5a7800 JavaThread "HikariPool-1 housekeeper" daemon [_thread_blocked, id=6936, stack(0x000000260f300000,0x000000260f400000)]
  0x00000179d463a000 JavaThread "mysql-cj-abandoned-connection-cleanup" daemon [_thread_blocked, id=4856, stack(0x000000260f100000,0x000000260f200000)]
  0x00000179d1e96000 JavaThread "container-0" [_thread_blocked, id=6920, stack(0x000000260f000000,0x000000260f100000)]
  0x00000179d441f800 JavaThread "Catalina-utility-2" [_thread_blocked, id=14316, stack(0x000000260ef00000,0x000000260f000000)]
  0x00000179d3e5f800 JavaThread "Catalina-utility-1" [_thread_blocked, id=4656, stack(0x000000260ee00000,0x000000260ef00000)]
  0x00000179d120e000 JavaThread "restartedMain" [_thread_in_Java, id=7100, stack(0x000000260ed00000,0x000000260ee00000)]
  0x00000179d0c69800 JavaThread "Thread-0" [_thread_blocked, id=11676, stack(0x000000260ec00000,0x000000260ed00000)]
  0x00000179d0440800 JavaThread "Service Thread" daemon [_thread_blocked, id=11080, stack(0x000000260ea00000,0x000000260eb00000)]
  0x00000179ce5aa800 JavaThread "C1 CompilerThread3" daemon [_thread_blocked, id=10508, stack(0x000000260e900000,0x000000260ea00000)]
  0x00000179ce5a4800 JavaThread "C2 CompilerThread2" daemon [_thread_blocked, id=14744, stack(0x000000260e800000,0x000000260e900000)]
  0x00000179ce5a1800 JavaThread "C2 CompilerThread1" daemon [_thread_blocked, id=7636, stack(0x000000260e700000,0x000000260e800000)]
=>0x00000179ce593800 JavaThread "C2 CompilerThread0" daemon [_thread_in_native, id=8624, stack(0x000000260e600000,0x000000260e700000)]
  0x00000179ce591800 JavaThread "Attach Listener" daemon [_thread_blocked, id=11832, stack(0x000000260e500000,0x000000260e600000)]
  0x00000179ce590800 JavaThread "Signal Dispatcher" daemon [_thread_blocked, id=15392, stack(0x000000260e400000,0x000000260e500000)]
  0x00000179ce56c000 JavaThread "Finalizer" daemon [_thread_blocked, id=7232, stack(0x000000260e300000,0x000000260e400000)]
  0x00000179ce565000 JavaThread "Reference Handler" daemon [_thread_blocked, id=9672, stack(0x000000260e200000,0x000000260e300000)]
  0x00000179b4b50800 JavaThread "main" [_thread_blocked, id=15792, stack(0x000000260d800000,0x000000260d900000)]

Other Threads:
  0x00000179ce53b000 VMThread [stack: 0x000000260e100000,0x000000260e200000] [id=5444]
  0x00000179ce5be800 WatcherThread [stack: 0x000000260eb00000,0x000000260ec00000] [id=5672]

VM state:not at safepoint (normal execution)

VM Mutex/Monitor currently owned by a thread: None

heap address: 0x00000006e0c00000, size: 3572 MB, Compressed Oops mode: Zero based, Oop shift amount: 3
Narrow klass base: 0x0000000000000000, Narrow klass shift: 3
Compressed class space size: 1073741824 Address: 0x00000007c0000000

Heap:
 PSYoungGen      total 181760K, used 108275K [0x0000000775980000, 0x0000000781b80000, 0x00000007c0000000)
  eden space 172032K, 62% used [0x0000000775980000,0x000000077c33cd98,0x0000000780180000)
  from space 9728K, 0% used [0x0000000781200000,0x0000000781200000,0x0000000781b80000)
  to   space 13312K, 0% used [0x0000000780180000,0x0000000780180000,0x0000000780e80000)
 ParOldGen       total 91136K, used 14003K [0x00000006e0c00000, 0x00000006e6500000, 0x0000000775980000)
  object space 91136K, 15% used [0x00000006e0c00000,0x00000006e19acc20,0x00000006e6500000)
 Metaspace       used 45381K, capacity 47822K, committed 48088K, reserved 1091584K
  class space    used 6165K, capacity 6618K, committed 6656K, reserved 1048576K

Card table byte_map: [0x00000179c5870000,0x00000179c5f70000] byte_map_base: 0x00000179c216a000

Marking Bits: (ParMarkBitMap*) 0x0000000054dd7fe0
 Begin Bits: [0x00000179c6420000, 0x00000179c9bf0000)
 End Bits:   [0x00000179c9bf0000, 0x00000179cd3c0000)

Polling page: 0x00000179b4cd0000

CodeCache: size=245760Kb used=13160Kb max_used=13176Kb free=232599Kb
 bounds [0x00000179b64b0000, 0x00000179b71a0000, 0x00000179c54b0000]
 total_blobs=4055 nmethods=3562 adapters=406
 compilation: enabled

Compilation events (10 events):
Event: 4.508 Thread 0x00000179ce5aa800 3608       3       net.bytebuddy.description.type.TypeDescription$Generic$Visitor$ForRawType::onNonGenericType (2 bytes)
Event: 4.508 Thread 0x00000179ce5aa800 nmethod 3608 0x00000179b7162b50 code [0x00000179b7162ca0, 0x00000179b7162df8]
Event: 4.509 Thread 0x00000179ce5aa800 3609       3       net.bytebuddy.description.type.TypeDescription$AbstractBase::equals (60 bytes)
Event: 4.509 Thread 0x00000179ce5aa800 nmethod 3609 0x00000179b7162e90 code [0x00000179b7163060, 0x00000179b71639f0]
Event: 4.510 Thread 0x00000179ce5aa800 3610       3       net.bytebuddy.description.type.TypeDescription$ForLoadedType::getName (8 bytes)
Event: 4.510 Thread 0x00000179ce5aa800 nmethod 3610 0x00000179b7163c10 code [0x00000179b7163dc0, 0x00000179b71643b0]
Event: 4.510 Thread 0x00000179ce5aa800 3611       3       net.bytebuddy.description.type.TypeDescription$ForLoadedType::getName (28 bytes)
Event: 4.510 Thread 0x00000179ce5aa800 nmethod 3611 0x00000179b71645d0 code [0x00000179b7164760, 0x00000179b7164cf0]
Event: 4.510 Thread 0x00000179ce5aa800 3612       3       net.bytebuddy.description.type.TypeList$Explicit::get (6 bytes)
Event: 4.510 Thread 0x00000179ce5aa800 nmethod 3612 0x00000179b7164e90 code [0x00000179b7165000, 0x00000179b7165390]

GC Heap History (10 events):
Event: 1.268 GC heap before
{Heap before GC invocations=4 (full 0):
 PSYoungGen      total 67072K, used 20669K [0x0000000775980000, 0x000000077dc80000, 0x00000007c0000000)
  eden space 57856K, 23% used [0x0000000775980000,0x00000007766d6810,0x0000000779200000)
  from space 9216K, 76% used [0x0000000779200000,0x00000007798d8ef0,0x0000000779b00000)
  to   space 9216K, 0% used [0x000000077d380000,0x000000077d380000,0x000000077dc80000)
 ParOldGen       total 153088K, used 1334K [0x00000006e0c00000, 0x00000006ea180000, 0x0000000775980000)
  object space 153088K, 0% used [0x00000006e0c00000,0x00000006e0d4db40,0x00000006ea180000)
 Metaspace       used 20236K, capacity 21160K, committed 21248K, reserved 1067008K
  class space    used 2534K, capacity 2737K, committed 2816K, reserved 1048576K
Event: 1.273 GC heap after
Heap after GC invocations=4 (full 0):
 PSYoungGen      total 124928K, used 6378K [0x0000000775980000, 0x000000077dc80000, 0x00000007c0000000)
  eden space 115712K, 0% used [0x0000000775980000,0x0000000775980000,0x000000077ca80000)
  from space 9216K, 69% used [0x000000077d380000,0x000000077d9bab98,0x000000077dc80000)
  to   space 9216K, 0% used [0x000000077ca80000,0x000000077ca80000,0x000000077d380000)
 ParOldGen       total 153088K, used 1342K [0x00000006e0c00000, 0x00000006ea180000, 0x0000000775980000)
  object space 153088K, 0% used [0x00000006e0c00000,0x00000006e0d4fb40,0x00000006ea180000)
 Metaspace       used 20236K, capacity 21160K, committed 21248K, reserved 1067008K
  class space    used 2534K, capacity 2737K, committed 2816K, reserved 1048576K
}
Event: 1.273 GC heap before
{Heap before GC invocations=5 (full 1):
 PSYoungGen      total 124928K, used 6378K [0x0000000775980000, 0x000000077dc80000, 0x00000007c0000000)
  eden space 115712K, 0% used [0x0000000775980000,0x0000000775980000,0x000000077ca80000)
  from space 9216K, 69% used [0x000000077d380000,0x000000077d9bab98,0x000000077dc80000)
  to   space 9216K, 0% used [0x000000077ca80000,0x000000077ca80000,0x000000077d380000)
 ParOldGen       total 153088K, used 1342K [0x00000006e0c00000, 0x00000006ea180000, 0x0000000775980000)
  object space 153088K, 0% used [0x00000006e0c00000,0x00000006e0d4fb40,0x00000006ea180000)
 Metaspace       used 20236K, capacity 21160K, committed 21248K, reserved 1067008K
  class space    used 2534K, capacity 2737K, committed 2816K, reserved 1048576K
Event: 1.293 GC heap after
Heap after GC invocations=5 (full 1):
 PSYoungGen      total 124928K, used 0K [0x0000000775980000, 0x000000077dc80000, 0x00000007c0000000)
  eden space 115712K, 0% used [0x0000000775980000,0x0000000775980000,0x000000077ca80000)
  from space 9216K, 0% used [0x000000077d380000,0x000000077d380000,0x000000077dc80000)
  to   space 9216K, 0% used [0x000000077ca80000,0x000000077ca80000,0x000000077d380000)
 ParOldGen       total 91136K, used 6215K [0x00000006e0c00000, 0x00000006e6500000, 0x0000000775980000)
  object space 91136K, 6% used [0x00000006e0c00000,0x00000006e1211d80,0x00000006e6500000)
 Metaspace       used 20236K, capacity 21160K, committed 21248K, reserved 1067008K
  class space    used 2534K, capacity 2737K, committed 2816K, reserved 1048576K
}
Event: 2.611 GC heap before
{Heap before GC invocations=6 (full 1):
 PSYoungGen      total 124928K, used 115656K [0x0000000775980000, 0x000000077dc80000, 0x00000007c0000000)
  eden space 115712K, 99% used [0x0000000775980000,0x000000077ca72038,0x000000077ca80000)
  from space 9216K, 0% used [0x000000077d380000,0x000000077d380000,0x000000077dc80000)
  to   space 9216K, 0% used [0x000000077ca80000,0x000000077ca80000,0x000000077d380000)
 ParOldGen       total 91136K, used 6215K [0x00000006e0c00000, 0x00000006e6500000, 0x0000000775980000)
  object space 91136K, 6% used [0x00000006e0c00000,0x00000006e1211d80,0x00000006e6500000)
 Metaspace       used 29127K, capacity 30986K, committed 31360K, reserved 1077248K
  class space    used 3756K, capacity 4102K, committed 4224K, reserved 1048576K
Event: 2.619 GC heap after
Heap after GC invocations=6 (full 1):
 PSYoungGen      total 124928K, used 9207K [0x0000000775980000, 0x0000000781f00000, 0x00000007c0000000)
  eden space 115712K, 0% used [0x0000000775980000,0x0000000775980000,0x000000077ca80000)
  from space 9216K, 99% used [0x000000077ca80000,0x000000077d37dd18,0x000000077d380000)
  to   space 13312K, 0% used [0x0000000781200000,0x0000000781200000,0x0000000781f00000)
 ParOldGen       total 91136K, used 9186K [0x00000006e0c00000, 0x00000006e6500000, 0x0000000775980000)
  object space 91136K, 10% used [0x00000006e0c00000,0x00000006e14f8b58,0x00000006e6500000)
 Metaspace       used 29127K, capacity 30986K, committed 31360K, reserved 1077248K
  class space    used 3756K, capacity 4102K, committed 4224K, reserved 1048576K
}
Event: 3.301 GC heap before
{Heap before GC invocations=7 (full 1):
 PSYoungGen      total 124928K, used 100543K [0x0000000775980000, 0x0000000781f00000, 0x00000007c0000000)
  eden space 115712K, 78% used [0x0000000775980000,0x000000077b2b2040,0x000000077ca80000)
  from space 9216K, 99% used [0x000000077ca80000,0x000000077d37dd18,0x000000077d380000)
  to   space 13312K, 0% used [0x0000000781200000,0x0000000781200000,0x0000000781f00000)
 ParOldGen       total 91136K, used 9186K [0x00000006e0c00000, 0x00000006e6500000, 0x0000000775980000)
  object space 91136K, 10% used [0x00000006e0c00000,0x00000006e14f8b58,0x00000006e6500000)
 Metaspace       used 33332K, capacity 35366K, committed 35416K, reserved 1079296K
  class space    used 4306K, capacity 4700K, committed 4736K, reserved 1048576K
Event: 3.307 GC heap after
Heap after GC invocations=7 (full 1):
 PSYoungGen      total 181760K, used 9691K [0x0000000775980000, 0x0000000781b80000, 0x00000007c0000000)
  eden space 172032K, 0% used [0x0000000775980000,0x0000000775980000,0x0000000780180000)
  from space 9728K, 99% used [0x0000000781200000,0x0000000781b76ef8,0x0000000781b80000)
  to   space 13312K, 0% used [0x0000000780180000,0x0000000780180000,0x0000000780e80000)
 ParOldGen       total 91136K, used 9194K [0x00000006e0c00000, 0x00000006e6500000, 0x0000000775980000)
  object space 91136K, 10% used [0x00000006e0c00000,0x00000006e14fab58,0x00000006e6500000)
 Metaspace       used 33332K, capacity 35366K, committed 35416K, reserved 1079296K
  class space    used 4306K, capacity 4700K, committed 4736K, reserved 1048576K
}
Event: 3.307 GC heap before
{Heap before GC invocations=8 (full 2):
 PSYoungGen      total 181760K, used 9691K [0x0000000775980000, 0x0000000781b80000, 0x00000007c0000000)
  eden space 172032K, 0% used [0x0000000775980000,0x0000000775980000,0x0000000780180000)
  from space 9728K, 99% used [0x0000000781200000,0x0000000781b76ef8,0x0000000781b80000)
  to   space 13312K, 0% used [0x0000000780180000,0x0000000780180000,0x0000000780e80000)
 ParOldGen       total 91136K, used 9194K [0x00000006e0c00000, 0x00000006e6500000, 0x0000000775980000)
  object space 91136K, 10% used [0x00000006e0c00000,0x00000006e14fab58,0x00000006e6500000)
 Metaspace       used 33332K, capacity 35366K, committed 35416K, reserved 1079296K
  class space    used 4306K, capacity 4700K, committed 4736K, reserved 1048576K
Event: 3.342 GC heap after
Heap after GC invocations=8 (full 2):
 PSYoungGen      total 181760K, used 0K [0x0000000775980000, 0x0000000781b80000, 0x00000007c0000000)
  eden space 172032K, 0% used [0x0000000775980000,0x0000000775980000,0x0000000780180000)
  from space 9728K, 0% used [0x0000000781200000,0x0000000781200000,0x0000000781b80000)
  to   space 13312K, 0% used [0x0000000780180000,0x0000000780180000,0x0000000780e80000)
 ParOldGen       total 91136K, used 14003K [0x00000006e0c00000, 0x00000006e6500000, 0x0000000775980000)
  object space 91136K, 15% used [0x00000006e0c00000,0x00000006e19acc20,0x00000006e6500000)
 Metaspace       used 33332K, capacity 35366K, committed 35416K, reserved 1079296K
  class space    used 4306K, capacity 4700K, committed 4736K, reserved 1048576K
}

Deoptimization events (10 events):
Event: 3.772 Thread 0x00000179d120e000 Uncommon trap: reason=unstable_if action=reinterpret pc=0x00000179b6eb7b5c method=java.lang.CharacterDataLatin1.digit(II)I @ 82
Event: 3.827 Thread 0x00000179d120e000 Uncommon trap: reason=unstable_if action=reinterpret pc=0x00000179b6d7efb0 method=sun.misc.ASCIICaseInsensitiveComparator.compare(Ljava/lang/String;Ljava/lang/String;)I @ 83
Event: 3.918 Thread 0x00000179d120e000 Uncommon trap: reason=bimorphic action=maybe_recompile pc=0x00000179b6b428a4 method=java.lang.ClassLoader.loadClass(Ljava/lang/String;Z)Ljava/lang/Class; @ 70
Event: 4.027 Thread 0x00000179ce5a5000 Uncommon trap: reason=unstable_if action=reinterpret pc=0x00000179b6eaed54 method=java.lang.CharacterDataLatin1.digit(II)I @ 82
Event: 4.105 Thread 0x00000179d120e000 Uncommon trap: reason=unstable_if action=reinterpret pc=0x00000179b6c2afdc method=org.springframework.beans.factory.support.AbstractAutowireCapableBeanFactory.determineTargetType(Ljava/lang/String;Lorg/springframework/beans/factory/support/RootBeanDefinit
Event: 4.211 Thread 0x00000179d120e000 Uncommon trap: reason=null_check action=make_not_entrant pc=0x00000179b66802f8 method=java.lang.reflect.Array.newInstance(Ljava/lang/Class;I)Ljava/lang/Object; @ 2
Event: 4.228 Thread 0x00000179d120e000 Uncommon trap: reason=unstable_if action=reinterpret pc=0x00000179b6e9ac00 method=java.lang.Class$MethodArray.addIfNotPresent(Ljava/lang/reflect/Method;)V @ 19
Event: 4.228 Thread 0x00000179d120e000 Uncommon trap: reason=unstable_if action=reinterpret pc=0x00000179b6e9e634 method=java.lang.Class$MethodArray.addIfNotPresent(Ljava/lang/reflect/Method;)V @ 19
Event: 4.249 Thread 0x00000179d120e000 Uncommon trap: reason=bimorphic action=maybe_recompile pc=0x00000179b70e03f4 method=java.lang.Throwable.<init>(Ljava/lang/String;Ljava/lang/Throwable;)V @ 24
Event: 4.249 Thread 0x00000179d120e000 Uncommon trap: reason=bimorphic action=maybe_recompile pc=0x00000179b70e03f4 method=java.lang.Throwable.<init>(Ljava/lang/String;Ljava/lang/Throwable;)V @ 24

Classes redefined (0 events):
No events

Internal exceptions (10 events):
Event: 2.624 Thread 0x00000179d120e000 Exception <a 'sun/nio/fs/WindowsException'> (0x000000077662c6a0) thrown at [C:\jenkins\workspace\8-2-build-windows-amd64-cygwin\jdk8u301\1513\hotspot\src\share\vm\prims\jni.cpp, line 710]
Event: 2.626 Thread 0x00000179d120e000 Exception <a 'sun/nio/fs/WindowsException'> (0x0000000776633f50) thrown at [C:\jenkins\workspace\8-2-build-windows-amd64-cygwin\jdk8u301\1513\hotspot\src\share\vm\prims\jni.cpp, line 710]
Event: 2.626 Thread 0x00000179d120e000 Exception <a 'sun/nio/fs/WindowsException'> (0x0000000776634758) thrown at [C:\jenkins\workspace\8-2-build-windows-amd64-cygwin\jdk8u301\1513\hotspot\src\share\vm\prims\jni.cpp, line 710]
Event: 2.626 Thread 0x00000179d120e000 Exception <a 'sun/nio/fs/WindowsException'> (0x0000000776635728) thrown at [C:\jenkins\workspace\8-2-build-windows-amd64-cygwin\jdk8u301\1513\hotspot\src\share\vm\prims\jni.cpp, line 710]
Event: 2.627 Thread 0x00000179d120e000 Exception <a 'sun/nio/fs/WindowsException'> (0x0000000776635df0) thrown at [C:\jenkins\workspace\8-2-build-windows-amd64-cygwin\jdk8u301\1513\hotspot\src\share\vm\prims\jni.cpp, line 710]
Event: 2.667 Thread 0x00000179d120e000 Implicit null exception at 0x00000179b6ee2a9f to 0x00000179b6ee4f69
Event: 2.711 Thread 0x00000179d120e000 Exception <a 'java/io/FileNotFoundException'> (0x00000007792df920) thrown at [C:\jenkins\workspace\8-2-build-windows-amd64-cygwin\jdk8u301\1513\hotspot\src\share\vm\prims\jni.cpp, line 710]
Event: 2.779 Thread 0x00000179d120e000 Exception <a 'java/io/FileNotFoundException'> (0x0000000779690760) thrown at [C:\jenkins\workspace\8-2-build-windows-amd64-cygwin\jdk8u301\1513\hotspot\src\share\vm\prims\jni.cpp, line 710]
Event: 2.825 Thread 0x00000179d120e000 Implicit null exception at 0x00000179b6716996 to 0x00000179b6716d21
Event: 3.291 Thread 0x00000179d120e000 Exception <a 'java/lang/ClassNotFoundException': java/lang/Module> (0x000000077b21c8d0) thrown at [C:\jenkins\workspace\8-2-build-windows-amd64-cygwin\jdk8u301\1513\hotspot\src\share\vm\classfile\systemDictionary.cpp, line 212]

Events (10 events):
Event: 4.511 loading class net/bytebuddy/dynamic/scaffold/subclass/SubclassImplementationTarget$Factory
Event: 4.511 loading class net/bytebuddy/dynamic/scaffold/subclass/SubclassImplementationTarget$Factory done
Event: 4.512 loading class net/bytebuddy/implementation/Implementation$Target
Event: 4.512 loading class net/bytebuddy/implementation/Implementation$Target done
Event: 4.513 loading class net/bytebuddy/dynamic/scaffold/subclass/SubclassImplementationTarget$OriginTypeResolver
Event: 4.513 loading class net/bytebuddy/dynamic/scaffold/subclass/SubclassImplementationTarget$OriginTypeResolver done
Event: 4.513 loading class net/bytebuddy/dynamic/scaffold/subclass/SubclassImplementationTarget$OriginTypeResolver$1
Event: 4.513 loading class net/bytebuddy/dynamic/scaffold/subclass/SubclassImplementationTarget$OriginTypeResolver$1 done
Event: 4.513 loading class net/bytebuddy/dynamic/scaffold/subclass/SubclassImplementationTarget$OriginTypeResolver$2
Event: 4.513 loading class net/bytebuddy/dynamic/scaffold/subclass/SubclassImplementationTarget$OriginTypeResolver$2 done


Dynamic libraries:
0x00007ff615cb0000 - 0x00007ff615cf7000 	C:\Program Files\Java\jdk1.8.0_301\bin\java.exe
0x00007ffaa00f0000 - 0x00007ffaa02e5000 	C:\Windows\SYSTEM32\ntdll.dll
0x00007ffa9fa20000 - 0x00007ffa9fadd000 	C:\Windows\System32\KERNEL32.DLL
0x00007ffa9dc60000 - 0x00007ffa9df2d000 	C:\Windows\System32\KERNELBASE.dll
0x00007ffa9f910000 - 0x00007ffa9f9be000 	C:\Windows\System32\ADVAPI32.dll
0x00007ffa9efd0000 - 0x00007ffa9f06e000 	C:\Windows\System32\msvcrt.dll
0x00007ffa9fb90000 - 0x00007ffa9fc2c000 	C:\Windows\System32\sechost.dll
0x00007ffa9fe50000 - 0x00007ffa9ff75000 	C:\Windows\System32\RPCRT4.dll
0x00007ffa9e560000 - 0x00007ffa9e700000 	C:\Windows\System32\USER32.dll
0x00007ffa9d830000 - 0x00007ffa9d852000 	C:\Windows\System32\win32u.dll
0x00007ffaa0080000 - 0x00007ffaa00aa000 	C:\Windows\System32\GDI32.dll
0x00007ffa9df30000 - 0x00007ffa9e03b000 	C:\Windows\System32\gdi32full.dll
0x00007ffa9d860000 - 0x00007ffa9d8fd000 	C:\Windows\System32\msvcp_win.dll
0x00007ffa9e040000 - 0x00007ffa9e140000 	C:\Windows\System32\ucrtbase.dll
0x00007ffa882a0000 - 0x00007ffa8853a000 	C:\Windows\WinSxS\amd64_microsoft.windows.common-controls_6595b64144ccf1df_6.0.19041.1110_none_60b5254171f9507e\COMCTL32.dll
0x00007ffaa0050000 - 0x00007ffaa0080000 	C:\Windows\System32\IMM32.DLL
0x00007ffa94c40000 - 0x00007ffa94c55000 	C:\Program Files\Java\jdk1.8.0_301\jre\bin\vcruntime140.dll
0x00007ffa88a80000 - 0x00007ffa88b1b000 	C:\Program Files\Java\jdk1.8.0_301\jre\bin\msvcp140.dll
0x00000000545f0000 - 0x0000000054e50000 	C:\Program Files\Java\jdk1.8.0_301\jre\bin\server\jvm.dll
0x00007ffa9e280000 - 0x00007ffa9e288000 	C:\Windows\System32\PSAPI.DLL
0x00007ffa95c10000 - 0x00007ffa95c1a000 	C:\Windows\SYSTEM32\VERSION.dll
0x00007ffa8eb40000 - 0x00007ffa8eb67000 	C:\Windows\SYSTEM32\WINMM.dll
0x00007ffa95620000 - 0x00007ffa95629000 	C:\Windows\SYSTEM32\WSOCK32.dll
0x00007ffa9fc30000 - 0x00007ffa9fc9b000 	C:\Windows\System32\WS2_32.dll
0x00007ffa9b720000 - 0x00007ffa9b732000 	C:\Windows\SYSTEM32\kernel.appcore.dll
0x00007ffa9a7f0000 - 0x00007ffa9a800000 	C:\Program Files\Java\jdk1.8.0_301\jre\bin\verify.dll
0x00007ffa90e60000 - 0x00007ffa90e8b000 	C:\Program Files\Java\jdk1.8.0_301\jre\bin\java.dll
0x00007ffa90d50000 - 0x00007ffa90d68000 	C:\Program Files\Java\jdk1.8.0_301\jre\bin\zip.dll
0x00007ffa9f190000 - 0x00007ffa9f8d4000 	C:\Windows\System32\SHELL32.dll
0x00007ffa9b920000 - 0x00007ffa9c0b4000 	C:\Windows\SYSTEM32\windows.storage.dll
0x00007ffa9e760000 - 0x00007ffa9eab4000 	C:\Windows\System32\combase.dll
0x00007ffa9d190000 - 0x00007ffa9d1bc000 	C:\Windows\SYSTEM32\Wldp.dll
0x00007ffa9fae0000 - 0x00007ffa9fb8d000 	C:\Windows\System32\SHCORE.dll
0x00007ffa9e700000 - 0x00007ffa9e755000 	C:\Windows\System32\shlwapi.dll
0x00007ffa9d6f0000 - 0x00007ffa9d70f000 	C:\Windows\SYSTEM32\profapi.dll
0x00007ffa99500000 - 0x00007ffa9950d000 	C:\Program Files\Java\jdk1.8.0_301\jre\bin\management.dll
0x00007ffa909b0000 - 0x00007ffa909cc000 	C:\Program Files\Java\jdk1.8.0_301\jre\bin\net.dll
0x00007ffa9cef0000 - 0x00007ffa9cf5a000 	C:\Windows\system32\mswsock.dll
0x00007ffa95c80000 - 0x00007ffa95c97000 	C:\Windows\system32\napinsp.dll
0x00007ffa95c60000 - 0x00007ffa95c7b000 	C:\Windows\system32\pnrpnsp.dll
0x00007ffa95c40000 - 0x00007ffa95c55000 	C:\Windows\system32\wshbth.dll
0x00007ffa97a30000 - 0x00007ffa97a4d000 	C:\Windows\system32\NLAapi.dll
0x00007ffa9cbe0000 - 0x00007ffa9cc1b000 	C:\Windows\SYSTEM32\IPHLPAPI.DLL
0x00007ffa9cc70000 - 0x00007ffa9cd3b000 	C:\Windows\SYSTEM32\DNSAPI.dll
0x00007ffa9f900000 - 0x00007ffa9f908000 	C:\Windows\System32\NSI.dll
0x00007ffa95c20000 - 0x00007ffa95c32000 	C:\Windows\System32\winrnr.dll
0x00007ffa95f00000 - 0x00007ffa95f0a000 	C:\Windows\System32\rasadhlp.dll
0x00007ffa96250000 - 0x00007ffa962d0000 	C:\Windows\System32\fwpuclnt.dll
0x00007ffa9d800000 - 0x00007ffa9d827000 	C:\Windows\System32\bcrypt.dll
0x00007ffa8ff20000 - 0x00007ffa8ff33000 	C:\Program Files\Java\jdk1.8.0_301\jre\bin\nio.dll
0x00007ffa9d0e0000 - 0x00007ffa9d0f8000 	C:\Windows\SYSTEM32\CRYPTSP.dll
0x00007ffa9c870000 - 0x00007ffa9c8a4000 	C:\Windows\system32\rsaenh.dll
0x00007ffa9d650000 - 0x00007ffa9d67e000 	C:\Windows\SYSTEM32\USERENV.dll
0x00007ffa9db20000 - 0x00007ffa9dba2000 	C:\Windows\System32\bcryptprimitives.dll
0x00007ffa9d100000 - 0x00007ffa9d10c000 	C:\Windows\SYSTEM32\CRYPTBASE.dll
0x00007ffa97cc0000 - 0x00007ffa97cd7000 	C:\Windows\SYSTEM32\dhcpcsvc6.DLL
0x00007ffa97ca0000 - 0x00007ffa97cbd000 	C:\Windows\SYSTEM32\dhcpcsvc.DLL
0x00007ffa8e300000 - 0x00007ffa8e324000 	C:\Program Files\Java\jdk1.8.0_301\jre\bin\sunec.dll
0x00007ffa99310000 - 0x00007ffa9931d000 	C:\Program Files\Java\jdk1.8.0_301\jre\bin\sunmscapi.dll
0x00007ffa9d950000 - 0x00007ffa9daa6000 	C:\Windows\System32\CRYPT32.dll
0x00007ffa9d200000 - 0x00007ffa9d227000 	C:\Windows\SYSTEM32\ncrypt.dll
0x00007ffa9d1c0000 - 0x00007ffa9d1fb000 	C:\Windows\SYSTEM32\NTASN1.dll
0x00007ffa98940000 - 0x00007ffa98b24000 	C:\Windows\SYSTEM32\dbghelp.dll

VM Arguments:
java_command: com.portfolio.api.ApiApplication
java_class_path (initial): C:\Users\BarConT\Desktop\YoProgramo\api\target\classes;C:\Users\BarConT\.m2\repository\org\springframework\boot\spring-boot-starter-web\2.7.0\spring-boot-starter-web-2.7.0.jar;C:\Users\BarConT\.m2\repository\org\springframework\boot\spring-boot-starter\2.7.0\spring-boot-starter-2.7.0.jar;C:\Users\BarConT\.m2\repository\org\springframework\boot\spring-boot-starter-logging\2.7.0\spring-boot-starter-logging-2.7.0.jar;C:\Users\BarConT\.m2\repository\ch\qos\logback\logback-classic\1.2.11\logback-classic-1.2.11.jar;C:\Users\BarConT\.m2\repository\ch\qos\logback\logback-core\1.2.11\logback-core-1.2.11.jar;C:\Users\BarConT\.m2\repository\org\apache\logging\log4j\log4j-to-slf4j\2.17.2\log4j-to-slf4j-2.17.2.jar;C:\Users\BarConT\.m2\repository\org\apache\logging\log4j\log4j-api\2.17.2\log4j-api-2.17.2.jar;C:\Users\BarConT\.m2\repository\org\slf4j\jul-to-slf4j\1.7.36\jul-to-slf4j-1.7.36.jar;C:\Users\BarConT\.m2\repository\jakarta\annotation\jakarta.annotation-api\1.3.5\jakarta.annotation-api-1.3.5.jar;C:\Users\BarConT\.m2\repository\org\yaml\snakeyaml\1.30\snakeyaml-1.30.jar;C:\Users\BarConT\.m2\repository\org\springframework\boot\spring-boot-starter-json\2.7.0\spring-boot-starter-json-2.7.0.jar;C:\Users\BarConT\.m2\repository\com\fasterxml\jackson\core\jackson-databind\2.13.3\jackson-databind-2.13.3.jar;C:\Users\BarConT\.m2\repository\com\fasterxml\jackson\core\jackson-annotations\2.13.3\jackson-annotations-2.13.3.jar;C:\Users\BarConT\.m2\repository\com\fasterxml\jackson\core\jackson-core\2.13.3\jackson-core-2.13.3.jar;C:\Users\BarConT\.m2\repository\com\fasterxml\jackson\datatype\jackson-datatype-jdk8\2.13.3\jackson-datatype-jdk8-2.13.3.jar;C:\Users\BarConT\.m2\repository\com\fasterxml\jackson\datatype\jackson-datatype-jsr310\2.13.3\jackson-datatype-jsr310-2.13.3.jar;C:\Users\BarConT\.m2\repository\com\fasterxml\jackson\module\jackson-module-parameter-names\2.13.3\jackson-module-parameter-names-2.13.3.jar;C:\Users\BarConT\.m2\repository\org\spring
Launcher Type: SUN_STANDARD

Environment Variables:
JAVA_HOME=C:\Program Files\Java\jdk1.8.0_301
PATH=C:\Windows\system32;C:\Windows;C:\Windows\System32\Wbem;C:\Program Files (x86)\Common Files\Oracle\Java\javapath;C:\Windows\System32\WindowsPowerShell\v1.0\;C:\Windows\System32\OpenSSH\;C:\ProgramData\chocolatey\bin;C:\Program Files\OpenJDK\openjdk-8u302-b08\bin;C:\Users\BarConT\AppData\Local\Android\Sdk\platform-tools;C:\Users\BarConT\AppData\Local\Android\Sdk\tools;C:\Users\BarConT\AppData\Local\Android\Sdk\tools\bin;C:\Program Files\Git\cmd;C:\Program Files (x86)\nodejs\;C:\Program Files\MySQL\MySQL Shell 8.0\bin\;C:\Users\BarConT\AppData\Local\Programs\Python\Python310\Scripts\;C:\Users\BarConT\AppData\Local\Programs\Python\Python310\;C:\Users\BarConT\AppData\Local\Microsoft\WindowsApps;C:\Users\BarConT\AppData\Local\Programs\Microsoft VS Code\bin;C:\Users\BarConT\Desktop\sqlite;C:\Program Files\MongoDB\Server\5.0\bin;C:\Users\BarConT\AppData\Roaming\npm;C:\Program Files\heroku\bin
USERNAME=BarConT
OS=Windows_NT
PROCESSOR_IDENTIFIER=AMD64 Family 23 Model 24 Stepping 1, AuthenticAMD



---------------  S Y S T E M  ---------------

OS: Windows 10.0 , 64 bit Build 19041 (10.0.19041.1706)

CPU:total 8 (initial active 8) (8 cores per cpu, 1 threads per core) family 23 model 24 stepping 1, cmov, cx8, fxsr, mmx, sse, sse2, sse3, ssse3, sse4.1, sse4.2, popcnt, avx, avx2, aes, clmul, mmxext, 3dnowpref, lzcnt, sse4a, tsc, tscinvbit, tscinv, bmi1

Memory: 4k page, physical 14627276k(4183180k free), swap 14627276k(13160k free)

vm_info: Java HotSpot(TM) 64-Bit Server VM (25.301-b09) for windows-amd64 JRE (1.8.0_301-b09), built on Jun  9 2021 06:46:21 by "java_re" with MS VC++ 15.9 (VS2017)

time: Sun May 22 15:37:03 2022
timezone: Hora estándar de Argentina
elapsed time: 4.605214 seconds (0d 0h 0m 4s)

