#
# There is insufficient memory for the Java Runtime Environment to continue.
# Native memory allocation (malloc) failed to allocate 32784 bytes for Chunk::new
# Possible reasons:
#   The system is out of physical RAM or swap space
#   The process is running with CompressedOops enabled, and the Java Heap may be blocking the growth of the native heap
# Possible solutions:
#   Reduce memory load on the system
#   Increase physical memory or swap space
#   Check if swap backing store is full
#   Decrease Java heap size (-Xmx/-Xms)
#   Decrease number of Java threads
#   Decrease Java thread stack sizes (-Xss)
#   Set larger code cache with -XX:ReservedCodeCacheSize=
#   JVM is running with Zero Based Compressed Oops mode in which the Java heap is
#     placed in the first 32GB address space. The Java Heap base address is the
#     maximum limit for the native heap growth. Please use -XX:HeapBaseMinAddress
#     to set the Java Heap base and to place the Java Heap above 32GB virtual address.
# This output file may be truncated or incomplete.
#
#  Out of Memory Error (allocation.cpp:389), pid=10832, tid=0x0000000000001ea4
#
# JRE version: Java(TM) SE Runtime Environment (8.0_301-b09) (build 1.8.0_301-b09)
# Java VM: Java HotSpot(TM) 64-Bit Server VM (25.301-b09 mixed mode windows-amd64 compressed oops)
# Failed to write core dump. Minidumps are not enabled by default on client versions of Windows
#

---------------  T H R E A D  ---------------

Current thread (0x00000266b3edf000):  JavaThread "C2 CompilerThread1" daemon [_thread_in_native, id=7844, stack(0x000000c90b300000,0x000000c90b400000)]

Stack: [0x000000c90b300000,0x000000c90b400000]
Native frames: (J=compiled Java code, j=interpreted, Vv=VM code, C=native code)
V  [jvm.dll+0x32ed79]
V  [jvm.dll+0x275722]
V  [jvm.dll+0x2763cd]
V  [jvm.dll+0x26ce05]
V  [jvm.dll+0xd551c]
V  [jvm.dll+0xd5d1c]
V  [jvm.dll+0xd586d]
V  [jvm.dll+0x4c656f]
V  [jvm.dll+0x49f222]
V  [jvm.dll+0x49e96f]
V  [jvm.dll+0x49e983]
V  [jvm.dll+0x49e936]
V  [jvm.dll+0x49e983]
V  [jvm.dll+0x49e983]
V  [jvm.dll+0x48e3f5]
V  [jvm.dll+0x442599]
V  [jvm.dll+0x43fee4]
V  [jvm.dll+0x42ae57]
V  [jvm.dll+0xac1bb]
V  [jvm.dll+0xaa81b]
V  [jvm.dll+0x23ddc2]
V  [jvm.dll+0x2923dc]
C  [ucrtbase.dll+0x21bb2]
C  [KERNEL32.DLL+0x17034]
C  [ntdll.dll+0x52651]


Current CompileTask:
C2: 449017 4958       4       org.springframework.boot.devtools.filewatch.DirectorySnapshot::collectFiles (99 bytes)


---------------  P R O C E S S  ---------------

Java Threads: ( => current thread )
  0x00000266b73fe800 JavaThread "DestroyJavaVM" [_thread_blocked, id=760, stack(0x000000c90a400000,0x000000c90a500000)]
  0x00000266b7405000 JavaThread "http-nio-8080-Acceptor" daemon [_thread_in_native, id=2264, stack(0x000000c90ce00000,0x000000c90cf00000)]
  0x00000266b7402000 JavaThread "http-nio-8080-Poller" daemon [_thread_in_native, id=16060, stack(0x000000c90cd00000,0x000000c90ce00000)]
  0x00000266b7401800 JavaThread "http-nio-8080-exec-10" daemon [_thread_blocked, id=11068, stack(0x000000c90cc00000,0x000000c90cd00000)]
  0x00000266b7403800 JavaThread "http-nio-8080-exec-9" daemon [_thread_blocked, id=6572, stack(0x000000c90cb00000,0x000000c90cc00000)]
  0x00000266b7403000 JavaThread "http-nio-8080-exec-8" daemon [_thread_blocked, id=14132, stack(0x000000c90ca00000,0x000000c90cb00000)]
  0x00000266b7404800 JavaThread "http-nio-8080-exec-7" daemon [_thread_blocked, id=16924, stack(0x000000c90c900000,0x000000c90ca00000)]
  0x00000266b73fd000 JavaThread "http-nio-8080-exec-6" daemon [_thread_blocked, id=4348, stack(0x000000c90c800000,0x000000c90c900000)]
  0x00000266b7400800 JavaThread "http-nio-8080-exec-5" daemon [_thread_blocked, id=14164, stack(0x000000c90c700000,0x000000c90c800000)]
  0x00000266b7400000 JavaThread "http-nio-8080-exec-4" daemon [_thread_blocked, id=16348, stack(0x000000c90c600000,0x000000c90c700000)]
  0x00000266b73fd800 JavaThread "http-nio-8080-exec-3" daemon [_thread_blocked, id=17344, stack(0x000000c90c500000,0x000000c90c600000)]
  0x00000266b73fb000 JavaThread "http-nio-8080-exec-2" daemon [_thread_blocked, id=6544, stack(0x000000c90c400000,0x000000c90c500000)]
  0x00000266b73fc000 JavaThread "http-nio-8080-exec-1" daemon [_thread_blocked, id=18044, stack(0x000000c90c200000,0x000000c90c300000)]
  0x00000266b73ff000 JavaThread "Live Reload Server" daemon [_thread_in_native, id=3292, stack(0x000000c90c300000,0x000000c90c400000)]
  0x00000266b7290800 JavaThread "File Watcher" daemon [_thread_blocked, id=5392, stack(0x000000c90c100000,0x000000c90c200000)]
  0x00000266b7293000 JavaThread "container-0" [_thread_blocked, id=14136, stack(0x000000c90bf00000,0x000000c90c000000)]
  0x00000266b728f000 JavaThread "Catalina-utility-2" [_thread_blocked, id=17216, stack(0x000000c90be00000,0x000000c90bf00000)]
  0x00000266b7293800 JavaThread "Catalina-utility-1" [_thread_blocked, id=15848, stack(0x000000c90bd00000,0x000000c90be00000)]
  0x00000266b7292000 JavaThread "HikariPool-1 housekeeper" daemon [_thread_blocked, id=872, stack(0x000000c90bc00000,0x000000c90bd00000)]
  0x00000266b7290000 JavaThread "mysql-cj-abandoned-connection-cleanup" daemon [_thread_blocked, id=6232, stack(0x000000c90ba00000,0x000000c90bb00000)]
  0x00000266b5d60800 JavaThread "Service Thread" daemon [_thread_blocked, id=18140, stack(0x000000c90b600000,0x000000c90b700000)]
  0x00000266b3ef3800 JavaThread "C1 CompilerThread3" daemon [_thread_blocked, id=8408, stack(0x000000c90b500000,0x000000c90b600000)]
  0x00000266b3eeb800 JavaThread "C2 CompilerThread2" daemon [_thread_blocked, id=8884, stack(0x000000c90b400000,0x000000c90b500000)]
=>0x00000266b3edf000 JavaThread "C2 CompilerThread1" daemon [_thread_in_native, id=7844, stack(0x000000c90b300000,0x000000c90b400000)]
  0x00000266b3ed9000 JavaThread "C2 CompilerThread0" daemon [_thread_blocked, id=18412, stack(0x000000c90b200000,0x000000c90b300000)]
  0x00000266b3ed6000 JavaThread "Attach Listener" daemon [_thread_blocked, id=1728, stack(0x000000c90b100000,0x000000c90b200000)]
  0x00000266b3ed5000 JavaThread "Signal Dispatcher" daemon [_thread_blocked, id=9052, stack(0x000000c90b000000,0x000000c90b100000)]
  0x00000266b3ead800 JavaThread "Finalizer" daemon [_thread_blocked, id=9948, stack(0x000000c90af00000,0x000000c90b000000)]
  0x00000266b3ea5800 JavaThread "Reference Handler" daemon [_thread_blocked, id=17852, stack(0x000000c90ae00000,0x000000c90af00000)]

Other Threads:
  0x00000266b3e7b800 VMThread [stack: 0x000000c90ad00000,0x000000c90ae00000] [id=5256]
  0x00000266b5d7c000 WatcherThread [stack: 0x000000c90b700000,0x000000c90b800000] [id=12864]

VM state:not at safepoint (normal execution)

VM Mutex/Monitor currently owned by a thread: None

heap address: 0x00000006e0c00000, size: 3572 MB, Compressed Oops mode: Zero based, Oop shift amount: 3
Narrow klass base: 0x0000000000000000, Narrow klass shift: 3
Compressed class space size: 1073741824 Address: 0x00000007c0000000

Heap:
 PSYoungGen      total 272384K, used 75123K [0x0000000775980000, 0x0000000787800000, 0x00000007c0000000)
  eden space 255488K, 29% used [0x0000000775980000,0x000000077a2dcdc0,0x0000000785300000)
  from space 16896K, 0% used [0x0000000786780000,0x0000000786780000,0x0000000787800000)
  to   space 18944K, 0% used [0x0000000785300000,0x0000000785300000,0x0000000786580000)
 ParOldGen       total 203776K, used 23546K [0x00000006e0c00000, 0x00000006ed300000, 0x0000000775980000)
  object space 203776K, 11% used [0x00000006e0c00000,0x00000006e22fe808,0x00000006ed300000)
 Metaspace       used 58963K, capacity 62730K, committed 62848K, reserved 1103872K
  class space    used 8104K, capacity 8752K, committed 8832K, reserved 1048576K

Card table byte_map: [0x00000266ab200000,0x00000266ab900000] byte_map_base: 0x00000266a7afa000

Marking Bits: (ParMarkBitMap*) 0x0000000054dd7fe0
 Begin Bits: [0x00000266abdb0000, 0x00000266af580000)
 End Bits:   [0x00000266af580000, 0x00000266b2d50000)

Polling page: 0x000002669a500000

CodeCache: size=245760Kb used=14459Kb max_used=15840Kb free=231300Kb
 bounds [0x000002669be40000, 0x000002669cdd0000, 0x00000266aae40000]
 total_blobs=4736 nmethods=4194 adapters=455
 compilation: enabled

Compilation events (10 events):
Event: 414.298 Thread 0x00000266b3ef3800 nmethod 4953 0x000002669c84e5d0 code [0x000002669c84e720, 0x000002669c84e838]
Event: 415.736 Thread 0x00000266b3eeb800 4954       4       java.util.AbstractCollection::containsAll (38 bytes)
Event: 415.746 Thread 0x00000266b3eeb800 nmethod 4954 0x000002669c7a4550 code [0x000002669c7a4740, 0x000002669c7a5358]
Event: 434.305 Thread 0x00000266b3ef3800 4955       3       org.apache.catalina.webresources.CachedResource::getNextCheck (5 bytes)
Event: 434.305 Thread 0x00000266b3ef3800 nmethod 4955 0x000002669c8c0990 code [0x000002669c8c0ae0, 0x000002669c8c0c38]
Event: 444.320 Thread 0x00000266b3ef3800 4956   !   3       org.apache.catalina.core.ContainerBase::findChildren (42 bytes)
Event: 444.321 Thread 0x00000266b3ef3800 nmethod 4956 0x000002669c7a3a90 code [0x000002669c7a3c20, 0x000002669c7a42c0]
Event: 444.823 Thread 0x00000266b3eeb800 4957       4       java.io.File::listFiles (52 bytes)
Event: 444.827 Thread 0x00000266b3eeb800 nmethod 4957 0x000002669cb81b10 code [0x000002669cb81ca0, 0x000002669cb821b8]
Event: 448.907 Thread 0x00000266b3edf000 4958       4       org.springframework.boot.devtools.filewatch.DirectorySnapshot::collectFiles (99 bytes)

GC Heap History (10 events):
Event: 3.757 GC heap before
{Heap before GC invocations=7 (full 1):
 PSYoungGen      total 124928K, used 106197K [0x0000000775980000, 0x0000000782200000, 0x00000007c0000000)
  eden space 115712K, 83% used [0x0000000775980000,0x000000077b83b050,0x000000077ca80000)
  from space 9216K, 99% used [0x000000077ca80000,0x000000077d37a6c0,0x000000077d380000)
  to   space 14336K, 0% used [0x0000000781400000,0x0000000781400000,0x0000000782200000)
 ParOldGen       total 90624K, used 10432K [0x00000006e0c00000, 0x00000006e6480000, 0x0000000775980000)
  object space 90624K, 11% used [0x00000006e0c00000,0x00000006e1630298,0x00000006e6480000)
 Metaspace       used 33114K, capacity 35336K, committed 35416K, reserved 1079296K
  class space    used 4221K, capacity 4656K, committed 4736K, reserved 1048576K
Event: 3.767 GC heap after
Heap after GC invocations=7 (full 1):
 PSYoungGen      total 191488K, used 9197K [0x0000000775980000, 0x0000000782280000, 0x00000007c0000000)
  eden space 177152K, 0% used [0x0000000775980000,0x0000000775980000,0x0000000780680000)
  from space 14336K, 64% used [0x0000000781400000,0x0000000781cfb690,0x0000000782200000)
  to   space 13824K, 0% used [0x0000000780680000,0x0000000780680000,0x0000000781400000)
 ParOldGen       total 90624K, used 10440K [0x00000006e0c00000, 0x00000006e6480000, 0x0000000775980000)
  object space 90624K, 11% used [0x00000006e0c00000,0x00000006e1632298,0x00000006e6480000)
 Metaspace       used 33114K, capacity 35336K, committed 35416K, reserved 1079296K
  class space    used 4221K, capacity 4656K, committed 4736K, reserved 1048576K
}
Event: 3.767 GC heap before
{Heap before GC invocations=8 (full 2):
 PSYoungGen      total 191488K, used 9197K [0x0000000775980000, 0x0000000782280000, 0x00000007c0000000)
  eden space 177152K, 0% used [0x0000000775980000,0x0000000775980000,0x0000000780680000)
  from space 14336K, 64% used [0x0000000781400000,0x0000000781cfb690,0x0000000782200000)
  to   space 13824K, 0% used [0x0000000780680000,0x0000000780680000,0x0000000781400000)
 ParOldGen       total 90624K, used 10440K [0x00000006e0c00000, 0x00000006e6480000, 0x0000000775980000)
  object space 90624K, 11% used [0x00000006e0c00000,0x00000006e1632298,0x00000006e6480000)
 Metaspace       used 33114K, capacity 35336K, committed 35416K, reserved 1079296K
  class space    used 4221K, capacity 4656K, committed 4736K, reserved 1048576K
Event: 3.815 GC heap after
Heap after GC invocations=8 (full 2):
 PSYoungGen      total 191488K, used 0K [0x0000000775980000, 0x0000000782280000, 0x00000007c0000000)
  eden space 177152K, 0% used [0x0000000775980000,0x0000000775980000,0x0000000780680000)
  from space 14336K, 0% used [0x0000000781400000,0x0000000781400000,0x0000000782200000)
  to   space 13824K, 0% used [0x0000000780680000,0x0000000780680000,0x0000000781400000)
 ParOldGen       total 142848K, used 13739K [0x00000006e0c00000, 0x00000006e9780000, 0x0000000775980000)
  object space 142848K, 9% used [0x00000006e0c00000,0x00000006e196af28,0x00000006e9780000)
 Metaspace       used 33114K, capacity 35336K, committed 35416K, reserved 1079296K
  class space    used 4221K, capacity 4656K, committed 4736K, reserved 1048576K
}
Event: 6.129 GC heap before
{Heap before GC invocations=9 (full 2):
 PSYoungGen      total 191488K, used 177152K [0x0000000775980000, 0x0000000782280000, 0x00000007c0000000)
  eden space 177152K, 100% used [0x0000000775980000,0x0000000780680000,0x0000000780680000)
  from space 14336K, 0% used [0x0000000781400000,0x0000000781400000,0x0000000782200000)
  to   space 13824K, 0% used [0x0000000780680000,0x0000000780680000,0x0000000781400000)
 ParOldGen       total 142848K, used 13739K [0x00000006e0c00000, 0x00000006e9780000, 0x0000000775980000)
  object space 142848K, 9% used [0x00000006e0c00000,0x00000006e196af28,0x00000006e9780000)
 Metaspace       used 51796K, capacity 55082K, committed 55296K, reserved 1097728K
  class space    used 7088K, capacity 7658K, committed 7680K, reserved 1048576K
Event: 6.144 GC heap after
Heap after GC invocations=9 (full 2):
 PSYoungGen      total 190976K, used 13815K [0x0000000775980000, 0x0000000787a00000, 0x00000007c0000000)
  eden space 177152K, 0% used [0x0000000775980000,0x0000000775980000,0x0000000780680000)
  from space 13824K, 99% used [0x0000000780680000,0x00000007813fde00,0x0000000781400000)
  to   space 18944K, 0% used [0x0000000786780000,0x0000000786780000,0x0000000787a00000)
 ParOldGen       total 142848K, used 20508K [0x00000006e0c00000, 0x00000006e9780000, 0x0000000775980000)
  object space 142848K, 14% used [0x00000006e0c00000,0x00000006e2007318,0x00000006e9780000)
 Metaspace       used 51796K, capacity 55082K, committed 55296K, reserved 1097728K
  class space    used 7088K, capacity 7658K, committed 7680K, reserved 1048576K
}
Event: 7.026 GC heap before
{Heap before GC invocations=10 (full 2):
 PSYoungGen      total 190976K, used 80278K [0x0000000775980000, 0x0000000787a00000, 0x00000007c0000000)
  eden space 177152K, 37% used [0x0000000775980000,0x0000000779a67a00,0x0000000780680000)
  from space 13824K, 99% used [0x0000000780680000,0x00000007813fde00,0x0000000781400000)
  to   space 18944K, 0% used [0x0000000786780000,0x0000000786780000,0x0000000787a00000)
 ParOldGen       total 142848K, used 20508K [0x00000006e0c00000, 0x00000006e9780000, 0x0000000775980000)
  object space 142848K, 14% used [0x00000006e0c00000,0x00000006e2007318,0x00000006e9780000)
 Metaspace       used 55407K, capacity 58906K, committed 59008K, reserved 1099776K
  class space    used 7598K, capacity 8228K, committed 8320K, reserved 1048576K
Event: 7.037 GC heap after
Heap after GC invocations=10 (full 2):
 PSYoungGen      total 272384K, used 12703K [0x0000000775980000, 0x0000000787800000, 0x00000007c0000000)
  eden space 255488K, 0% used [0x0000000775980000,0x0000000775980000,0x0000000785300000)
  from space 16896K, 75% used [0x0000000786780000,0x00000007873e7fa8,0x0000000787800000)
  to   space 18944K, 0% used [0x0000000785300000,0x0000000785300000,0x0000000786580000)
 ParOldGen       total 142848K, used 20516K [0x00000006e0c00000, 0x00000006e9780000, 0x0000000775980000)
  object space 142848K, 14% used [0x00000006e0c00000,0x00000006e2009318,0x00000006e9780000)
 Metaspace       used 55407K, capacity 58906K, committed 59008K, reserved 1099776K
  class space    used 7598K, capacity 8228K, committed 8320K, reserved 1048576K
}
Event: 7.037 GC heap before
{Heap before GC invocations=11 (full 3):
 PSYoungGen      total 272384K, used 12703K [0x0000000775980000, 0x0000000787800000, 0x00000007c0000000)
  eden space 255488K, 0% used [0x0000000775980000,0x0000000775980000,0x0000000785300000)
  from space 16896K, 75% used [0x0000000786780000,0x00000007873e7fa8,0x0000000787800000)
  to   space 18944K, 0% used [0x0000000785300000,0x0000000785300000,0x0000000786580000)
 ParOldGen       total 142848K, used 20516K [0x00000006e0c00000, 0x00000006e9780000, 0x0000000775980000)
  object space 142848K, 14% used [0x00000006e0c00000,0x00000006e2009318,0x00000006e9780000)
 Metaspace       used 55407K, capacity 58906K, committed 59008K, reserved 1099776K
  class space    used 7598K, capacity 8228K, committed 8320K, reserved 1048576K
Event: 7.179 GC heap after
Heap after GC invocations=11 (full 3):
 PSYoungGen      total 272384K, used 0K [0x0000000775980000, 0x0000000787800000, 0x00000007c0000000)
  eden space 255488K, 0% used [0x0000000775980000,0x0000000775980000,0x0000000785300000)
  from space 16896K, 0% used [0x0000000786780000,0x0000000786780000,0x0000000787800000)
  to   space 18944K, 0% used [0x0000000785300000,0x0000000785300000,0x0000000786580000)
 ParOldGen       total 203776K, used 23546K [0x00000006e0c00000, 0x00000006ed300000, 0x0000000775980000)
  object space 203776K, 11% used [0x00000006e0c00000,0x00000006e22fe808,0x00000006ed300000)
 Metaspace       used 55407K, capacity 58906K, committed 59008K, reserved 1099776K
  class space    used 7598K, capacity 8228K, committed 8320K, reserved 1048576K
}

Deoptimization events (10 events):
Event: 6.831 Thread 0x00000266b68be000 Uncommon trap: reason=unstable_if action=reinterpret pc=0x000002669c8425a0 method=java.util.concurrent.ConcurrentHashMap.putVal(Ljava/lang/Object;Ljava/lang/Object;Z)Ljava/lang/Object; @ 331
Event: 6.832 Thread 0x00000266b68be000 Uncommon trap: reason=unstable_if action=reinterpret pc=0x000002669bf68c80 method=java.util.concurrent.ConcurrentHashMap.get(Ljava/lang/Object;)Ljava/lang/Object; @ 86
Event: 6.850 Thread 0x00000266b68be000 Uncommon trap: reason=class_check action=maybe_recompile pc=0x000002669c834f70 method=java.lang.reflect.Method.equals(Ljava/lang/Object;)Z @ 5
Event: 6.852 Thread 0x00000266b68be000 Uncommon trap: reason=unstable_if action=reinterpret pc=0x000002669c3af208 method=java.util.concurrent.ConcurrentHashMap.transfer([Ljava/util/concurrent/ConcurrentHashMap$Node;[Ljava/util/concurrent/ConcurrentHashMap$Node;)V @ 356
Event: 6.861 Thread 0x00000266b68be000 Uncommon trap: reason=bimorphic action=maybe_recompile pc=0x000002669c5d9858 method=java.util.Collections$SetFromMap.contains(Ljava/lang/Object;)Z @ 5
Event: 6.877 Thread 0x00000266b68be000 Uncommon trap: reason=unstable_if action=reinterpret pc=0x000002669ccdc430 method=org.springframework.core.annotation.AnnotationsScanner.processClassInheritedAnnotations(Ljava/lang/Object;Ljava/lang/Class;Lorg/springframework/core/annotation/MergedAnnotat
Event: 6.967 Thread 0x00000266b68be000 Uncommon trap: reason=null_check action=make_not_entrant pc=0x000002669c5f0d30 method=org.springframework.util.ClassUtils.isAssignable(Ljava/lang/Class;Ljava/lang/Class;)Z @ 14
Event: 7.271 Thread 0x00000266b68be000 Uncommon trap: reason=unstable_if action=reinterpret pc=0x000002669c2853bc method=org.springframework.util.ConcurrentReferenceHashMap$Segment.restructureIfNecessary(Z)V @ 41
Event: 74.331 Thread 0x00000266b73fc000 Uncommon trap: reason=unstable_if action=reinterpret pc=0x000002669cd75298 method=java.lang.Class.arrayContentsEq([Ljava/lang/Object;[Ljava/lang/Object;)Z @ 1
Event: 74.425 Thread 0x00000266b73fb000 Uncommon trap: reason=class_check action=maybe_recompile pc=0x000002669cd8b7f8 method=org.springframework.core.annotation.AnnotatedElementUtils.getAnnotationAttributes(Lorg/springframework/core/annotation/MergedAnnotation;ZZ)Lorg/springframework/core/anno

Classes redefined (0 events):
No events

Internal exceptions (10 events):
Event: 6.687 Thread 0x00000266b68be000 Implicit null exception at 0x000002669c4314fd to 0x000002669c4315b3
Event: 6.836 Thread 0x00000266b68be000 Exception <a 'java/lang/ClassNotFoundException': java/lang/ObjectCustomizer> (0x0000000778c4acd8) thrown at [C:\jenkins\workspace\8-2-build-windows-amd64-cygwin\jdk8u301\1513\hotspot\src\share\vm\classfile\systemDictionary.cpp, line 212]
Event: 6.837 Thread 0x00000266b68be000 Exception <a 'java/lang/ClassNotFoundException': org/springframework/security/config/annotation/web/configuration/HttpSecurityConfigurationCustomizer> (0x0000000778c6c080) thrown at [C:\jenkins\workspace\8-2-build-windows-amd64-cygwin\jdk8u301\1513\hotspo
Event: 6.839 Thread 0x00000266b68be000 Exception <a 'java/lang/NoSuchMethodError': java.lang.Object.lambda$byAnnotation$0(Lorg/springframework/core/annotation/MergedAnnotations$SearchStrategy;Ljava/lang/Class;Ljava/lang/Class;)Z> (0x0000000778c7a370) thrown at [C:\jenkins\workspace\8-2-build-w
Event: 74.331 Thread 0x00000266b73fc000 Implicit null exception at 0x000002669cd70e5e to 0x000002669cd75229
Event: 74.331 Thread 0x00000266b73fc000 Exception <a 'java/lang/IllegalArgumentException': object is not an instance of declaring class> (0x000000077779eec0) thrown at [C:\jenkins\workspace\8-2-build-windows-amd64-cygwin\jdk8u301\1513\hotspot\src\share\vm\runtime\reflection.cpp, line 926]
Event: 74.437 Thread 0x00000266b73fb000 Exception <a 'java/lang/ClassNotFoundException': java/lang/ObjectCustomizer> (0x0000000777f8c9b0) thrown at [C:\jenkins\workspace\8-2-build-windows-amd64-cygwin\jdk8u301\1513\hotspot\src\share\vm\classfile\systemDictionary.cpp, line 212]
Event: 74.438 Thread 0x00000266b73fb000 Exception <a 'java/lang/ClassNotFoundException': com/portfolio/api/model/EducacionCustomizer> (0x0000000777fa8560) thrown at [C:\jenkins\workspace\8-2-build-windows-amd64-cygwin\jdk8u301\1513\hotspot\src\share\vm\classfile\systemDictionary.cpp, line 212]
Event: 78.868 Thread 0x00000266b73fd800 Exception <a 'java/io/IOException'> (0x0000000778da70e8) thrown at [C:\jenkins\workspace\8-2-build-windows-amd64-cygwin\jdk8u301\1513\hotspot\src\share\vm\prims\jni.cpp, line 710]
Event: 78.868 Thread 0x00000266b7400000 Exception <a 'java/io/IOException'> (0x0000000778c6f1c8) thrown at [C:\jenkins\workspace\8-2-build-windows-amd64-cygwin\jdk8u301\1513\hotspot\src\share\vm\prims\jni.cpp, line 710]

Events (10 events):
Event: 88.920 Thread 0x00000266b3ef3800 flushing nmethod 0x000002669cb81b10
Event: 90.702 Thread 0x00000266b3eeb800 flushing nmethod 0x000002669cbbe9d0
Event: 90.702 Thread 0x00000266b3eeb800 flushing nmethod 0x000002669cc64f10
Event: 90.702 Thread 0x00000266b3eeb800 flushing nmethod 0x000002669cc6a650
Event: 90.702 Thread 0x00000266b3eeb800 flushing nmethod 0x000002669cc8af50
Event: 90.702 Thread 0x00000266b3eeb800 flushing nmethod 0x000002669cca4a10
Event: 90.703 Thread 0x00000266b3eeb800 flushing nmethod 0x000002669ccd7350
Event: 90.703 Thread 0x00000266b3eeb800 flushing nmethod 0x000002669cd91010
Event: 90.703 Thread 0x00000266b3eeb800 flushing nmethod 0x000002669cd91690
Event: 90.703 Thread 0x00000266b3eeb800 flushing nmethod 0x000002669cd93550


Dynamic libraries:
0x00007ff6a3b40000 - 0x00007ff6a3b87000 	C:\Program Files\Java\jdk1.8.0_301\bin\java.exe
0x00007ffaa00f0000 - 0x00007ffaa02e5000 	C:\Windows\SYSTEM32\ntdll.dll
0x00007ffa9fa20000 - 0x00007ffa9fadd000 	C:\Windows\System32\KERNEL32.DLL
0x00007ffa9dc60000 - 0x00007ffa9df2d000 	C:\Windows\System32\KERNELBASE.dll
0x00007ffa9f910000 - 0x00007ffa9f9be000 	C:\Windows\System32\ADVAPI32.dll
0x00007ffa9efd0000 - 0x00007ffa9f06e000 	C:\Windows\System32\msvcrt.dll
0x00007ffa9fb90000 - 0x00007ffa9fc2c000 	C:\Windows\System32\sechost.dll
0x00007ffa9fe50000 - 0x00007ffa9ff75000 	C:\Windows\System32\RPCRT4.dll
0x00007ffa9e560000 - 0x00007ffa9e700000 	C:\Windows\System32\USER32.dll
0x00007ffa9d830000 - 0x00007ffa9d852000 	C:\Windows\System32\win32u.dll
0x00007ffaa0080000 - 0x00007ffaa00aa000 	C:\Windows\System32\GDI32.dll
0x00007ffa9df30000 - 0x00007ffa9e03b000 	C:\Windows\System32\gdi32full.dll
0x00007ffa9d860000 - 0x00007ffa9d8fd000 	C:\Windows\System32\msvcp_win.dll
0x00007ffa9e040000 - 0x00007ffa9e140000 	C:\Windows\System32\ucrtbase.dll
0x00007ffa882a0000 - 0x00007ffa8853a000 	C:\Windows\WinSxS\amd64_microsoft.windows.common-controls_6595b64144ccf1df_6.0.19041.1110_none_60b5254171f9507e\COMCTL32.dll
0x00007ffaa0050000 - 0x00007ffaa0080000 	C:\Windows\System32\IMM32.DLL
0x00007ffa97a10000 - 0x00007ffa97a25000 	C:\Program Files\Java\jdk1.8.0_301\jre\bin\vcruntime140.dll
0x00007ffa86f40000 - 0x00007ffa86fdb000 	C:\Program Files\Java\jdk1.8.0_301\jre\bin\msvcp140.dll
0x00000000545f0000 - 0x0000000054e50000 	C:\Program Files\Java\jdk1.8.0_301\jre\bin\server\jvm.dll
0x00007ffa9e280000 - 0x00007ffa9e288000 	C:\Windows\System32\PSAPI.DLL
0x00007ffa8eb40000 - 0x00007ffa8eb67000 	C:\Windows\SYSTEM32\WINMM.dll
0x00007ffa95c10000 - 0x00007ffa95c1a000 	C:\Windows\SYSTEM32\VERSION.dll
0x00007ffa95620000 - 0x00007ffa95629000 	C:\Windows\SYSTEM32\WSOCK32.dll
0x00007ffa9fc30000 - 0x00007ffa9fc9b000 	C:\Windows\System32\WS2_32.dll
0x00007ffa9b720000 - 0x00007ffa9b732000 	C:\Windows\SYSTEM32\kernel.appcore.dll
0x00007ffa94c20000 - 0x00007ffa94c30000 	C:\Program Files\Java\jdk1.8.0_301\jre\bin\verify.dll
0x00007ffa8ced0000 - 0x00007ffa8cefb000 	C:\Program Files\Java\jdk1.8.0_301\jre\bin\java.dll
0x00007ffa90e40000 - 0x00007ffa90e58000 	C:\Program Files\Java\jdk1.8.0_301\jre\bin\zip.dll
0x00007ffa9f190000 - 0x00007ffa9f8d4000 	C:\Windows\System32\SHELL32.dll
0x00007ffa9b920000 - 0x00007ffa9c0b4000 	C:\Windows\SYSTEM32\windows.storage.dll
0x00007ffa9e760000 - 0x00007ffa9eab4000 	C:\Windows\System32\combase.dll
0x00007ffa9d190000 - 0x00007ffa9d1bc000 	C:\Windows\SYSTEM32\Wldp.dll
0x00007ffa9fae0000 - 0x00007ffa9fb8d000 	C:\Windows\System32\SHCORE.dll
0x00007ffa9e700000 - 0x00007ffa9e755000 	C:\Windows\System32\shlwapi.dll
0x00007ffa9d6f0000 - 0x00007ffa9d70f000 	C:\Windows\SYSTEM32\profapi.dll
0x00007ffa9a390000 - 0x00007ffa9a39d000 	C:\Program Files\Java\jdk1.8.0_301\jre\bin\management.dll
0x00007ffa90ba0000 - 0x00007ffa90bbc000 	C:\Program Files\Java\jdk1.8.0_301\jre\bin\net.dll
0x00007ffa9cef0000 - 0x00007ffa9cf5a000 	C:\Windows\system32\mswsock.dll
0x00007ffa95c80000 - 0x00007ffa95c97000 	C:\Windows\system32\napinsp.dll
0x00007ffa95c60000 - 0x00007ffa95c7b000 	C:\Windows\system32\pnrpnsp.dll
0x00007ffa95c40000 - 0x00007ffa95c55000 	C:\Windows\system32\wshbth.dll
0x00007ffa97a30000 - 0x00007ffa97a4d000 	C:\Windows\system32\NLAapi.dll
0x00007ffa9cbe0000 - 0x00007ffa9cc1b000 	C:\Windows\SYSTEM32\IPHLPAPI.DLL
0x00007ffa9cc70000 - 0x00007ffa9cd3b000 	C:\Windows\SYSTEM32\DNSAPI.dll
0x00007ffa9f900000 - 0x00007ffa9f908000 	C:\Windows\System32\NSI.dll
0x00007ffa95c20000 - 0x00007ffa95c32000 	C:\Windows\System32\winrnr.dll
0x00007ffa95f00000 - 0x00007ffa95f0a000 	C:\Windows\System32\rasadhlp.dll
0x00007ffa96250000 - 0x00007ffa962d0000 	C:\Windows\System32\fwpuclnt.dll
0x00007ffa9d800000 - 0x00007ffa9d827000 	C:\Windows\System32\bcrypt.dll
0x00007ffa90ae0000 - 0x00007ffa90af3000 	C:\Program Files\Java\jdk1.8.0_301\jre\bin\nio.dll
0x00007ffa9d0e0000 - 0x00007ffa9d0f8000 	C:\Windows\SYSTEM32\CRYPTSP.dll
0x00007ffa9c870000 - 0x00007ffa9c8a4000 	C:\Windows\system32\rsaenh.dll
0x00007ffa9d650000 - 0x00007ffa9d67e000 	C:\Windows\SYSTEM32\USERENV.dll
0x00007ffa9db20000 - 0x00007ffa9dba2000 	C:\Windows\System32\bcryptprimitives.dll
0x00007ffa9d100000 - 0x00007ffa9d10c000 	C:\Windows\SYSTEM32\CRYPTBASE.dll
0x00007ffa97cc0000 - 0x00007ffa97cd7000 	C:\Windows\SYSTEM32\dhcpcsvc6.DLL
0x00007ffa97ca0000 - 0x00007ffa97cbd000 	C:\Windows\SYSTEM32\dhcpcsvc.DLL
0x00007ffa88110000 - 0x00007ffa88134000 	C:\Program Files\Java\jdk1.8.0_301\jre\bin\sunec.dll
0x00007ffa8ff30000 - 0x00007ffa8ff3d000 	C:\Program Files\Java\jdk1.8.0_301\jre\bin\sunmscapi.dll
0x00007ffa9d950000 - 0x00007ffa9daa6000 	C:\Windows\System32\CRYPT32.dll
0x00007ffa9d200000 - 0x00007ffa9d227000 	C:\Windows\SYSTEM32\ncrypt.dll
0x00007ffa9d1c0000 - 0x00007ffa9d1fb000 	C:\Windows\SYSTEM32\NTASN1.dll
0x00007ffa98940000 - 0x00007ffa98b24000 	C:\Windows\SYSTEM32\dbghelp.dll

VM Arguments:
java_command: com.portfolio.api.ApiApplication
java_class_path (initial): C:\Users\BarConT\Desktop\Portfolio A-P\Back-End-SprinBoot\target\classes;C:\Users\BarConT\.m2\repository\org\springframework\boot\spring-boot-starter-web\2.7.0\spring-boot-starter-web-2.7.0.jar;C:\Users\BarConT\.m2\repository\org\springframework\boot\spring-boot-starter\2.7.0\spring-boot-starter-2.7.0.jar;C:\Users\BarConT\.m2\repository\org\springframework\boot\spring-boot-starter-logging\2.7.0\spring-boot-starter-logging-2.7.0.jar;C:\Users\BarConT\.m2\repository\ch\qos\logback\logback-classic\1.2.11\logback-classic-1.2.11.jar;C:\Users\BarConT\.m2\repository\ch\qos\logback\logback-core\1.2.11\logback-core-1.2.11.jar;C:\Users\BarConT\.m2\repository\org\apache\logging\log4j\log4j-to-slf4j\2.17.2\log4j-to-slf4j-2.17.2.jar;C:\Users\BarConT\.m2\repository\org\apache\logging\log4j\log4j-api\2.17.2\log4j-api-2.17.2.jar;C:\Users\BarConT\.m2\repository\org\slf4j\jul-to-slf4j\1.7.36\jul-to-slf4j-1.7.36.jar;C:\Users\BarConT\.m2\repository\jakarta\annotation\jakarta.annotation-api\1.3.5\jakarta.annotation-api-1.3.5.jar;C:\Users\BarConT\.m2\repository\org\yaml\snakeyaml\1.30\snakeyaml-1.30.jar;C:\Users\BarConT\.m2\repository\org\springframework\boot\spring-boot-starter-json\2.7.0\spring-boot-starter-json-2.7.0.jar;C:\Users\BarConT\.m2\repository\com\fasterxml\jackson\core\jackson-databind\2.13.3\jackson-databind-2.13.3.jar;C:\Users\BarConT\.m2\repository\com\fasterxml\jackson\core\jackson-annotations\2.13.3\jackson-annotations-2.13.3.jar;C:\Users\BarConT\.m2\repository\com\fasterxml\jackson\core\jackson-core\2.13.3\jackson-core-2.13.3.jar;C:\Users\BarConT\.m2\repository\com\fasterxml\jackson\datatype\jackson-datatype-jdk8\2.13.3\jackson-datatype-jdk8-2.13.3.jar;C:\Users\BarConT\.m2\repository\com\fasterxml\jackson\datatype\jackson-datatype-jsr310\2.13.3\jackson-datatype-jsr310-2.13.3.jar;C:\Users\BarConT\.m2\repository\com\fasterxml\jackson\module\jackson-module-parameter-names\2.13.3\jackson-module-parameter-names-2.13.3.jar;C:\Users\BarConT\.m2\rep
Launcher Type: SUN_STANDARD

Environment Variables:
JAVA_HOME=C:\Program Files\Java\jdk1.8.0_301
PATH=C:\Windows\system32;C:\Windows;C:\Windows\System32\Wbem;C:\Program Files (x86)\Common Files\Oracle\Java\javapath;C:\Windows\System32\WindowsPowerShell\v1.0\;C:\Windows\System32\OpenSSH\;C:\ProgramData\chocolatey\bin;C:\Program Files\OpenJDK\openjdk-8u302-b08\bin;C:\Users\BarConT\AppData\Local\Android\Sdk\platform-tools;C:\Users\BarConT\AppData\Local\Android\Sdk\tools;C:\Users\BarConT\AppData\Local\Android\Sdk\tools\bin;C:\Program Files\Git\cmd;C:\Program Files (x86)\nodejs\;C:\Program Files\MySQL\MySQL Shell 8.0\bin\;C:\Users\BarConT\AppData\Local\Programs\Python\Python310\Scripts\;C:\Users\BarConT\AppData\Local\Programs\Python\Python310\;C:\Users\BarConT\AppData\Local\Microsoft\WindowsApps;C:\Users\BarConT\AppData\Local\Programs\Microsoft VS Code\bin;C:\Users\BarConT\Desktop\sqlite;C:\Program Files\MongoDB\Server\5.0\bin;C:\Users\BarConT\AppData\Roaming\npm;C:\Program Files\heroku\bin
USERNAME=BarConT
OS=Windows_NT
PROCESSOR_IDENTIFIER=AMD64 Family 23 Model 24 Stepping 1, AuthenticAMD



---------------  S Y S T E M  ---------------

OS: Windows 10.0 , 64 bit Build 19041 (10.0.19041.1706)

CPU:total 8 (initial active 8) (8 cores per cpu, 1 threads per core) family 23 model 24 stepping 1, cmov, cx8, fxsr, mmx, sse, sse2, sse3, ssse3, sse4.1, sse4.2, popcnt, avx, avx2, aes, clmul, mmxext, 3dnowpref, lzcnt, sse4a, tsc, tscinvbit, tscinv, bmi1

Memory: 4k page, physical 14627276k(4395048k free), swap 14627276k(13108k free)

vm_info: Java HotSpot(TM) 64-Bit Server VM (25.301-b09) for windows-amd64 JRE (1.8.0_301-b09), built on Jun  9 2021 06:46:21 by "java_re" with MS VC++ 15.9 (VS2017)

time: Wed May 25 20:37:41 2022
timezone: Hora estándar de Argentina
elapsed time: 449.023816 seconds (0d 0h 7m 29s)

