#
# There is insufficient memory for the Java Runtime Environment to continue.
# Native memory allocation (malloc) failed to allocate 32744 bytes for ChunkPool::allocate
# Possible reasons:
#   The system is out of physical RAM or swap space
#   The process is running with CompressedOops enabled, and the Java Heap may be blocking the growth of the native heap
# Possible solutions:
#   Reduce memory load on the system
#   Increase physical memory or swap space
#   Check if swap backing store is full
#   Decrease Java heap size (-Xmx/-Xms)
#   Decrease number of Java threads
#   Decrease Java thread stack sizes (-Xss)
#   Set larger code cache with -XX:ReservedCodeCacheSize=
#   JVM is running with Zero Based Compressed Oops mode in which the Java heap is
#     placed in the first 32GB address space. The Java Heap base address is the
#     maximum limit for the native heap growth. Please use -XX:HeapBaseMinAddress
#     to set the Java Heap base and to place the Java Heap above 32GB virtual address.
# This output file may be truncated or incomplete.
#
#  Out of Memory Error (allocation.cpp:272), pid=7580, tid=0x0000000000001a00
#
# JRE version: Java(TM) SE Runtime Environment (8.0_301-b09) (build 1.8.0_301-b09)
# Java VM: Java HotSpot(TM) 64-Bit Server VM (25.301-b09 mixed mode windows-amd64 compressed oops)
# Failed to write core dump. Minidumps are not enabled by default on client versions of Windows
#

---------------  T H R E A D  ---------------

Current thread (0x0000026663d82000):  JavaThread "C2 CompilerThread2" daemon [_thread_in_native, id=6656, stack(0x000000a8c8600000,0x000000a8c8700000)]

Stack: [0x000000a8c8600000,0x000000a8c8700000]
Native frames: (J=compiled Java code, j=interpreted, Vv=VM code, C=native code)
V  [jvm.dll+0x32ed79]


Current CompileTask:
C2:   4456 3605   !   4       java.net.URLClassLoader::definePackageInternal (81 bytes)


---------------  P R O C E S S  ---------------

Java Threads: ( => current thread )
  0x0000026668ca2800 JavaThread "HikariPool-1 connection adder" daemon [_thread_blocked, id=8580, stack(0x000000a8c9200000,0x000000a8c9300000)]
  0x0000026668dfa800 JavaThread "HikariPool-1 housekeeper" daemon [_thread_blocked, id=11508, stack(0x000000a8c9100000,0x000000a8c9200000)]
  0x0000026668df9800 JavaThread "mysql-cj-abandoned-connection-cleanup" daemon [_thread_blocked, id=7460, stack(0x000000a8c8f00000,0x000000a8c9000000)]
  0x0000026668dfb000 JavaThread "container-0" [_thread_blocked, id=5564, stack(0x000000a8c8e00000,0x000000a8c8f00000)]
  0x0000026668df9000 JavaThread "Catalina-utility-2" [_thread_blocked, id=13616, stack(0x000000a8c8d00000,0x000000a8c8e00000)]
  0x0000026668df8000 JavaThread "Catalina-utility-1" [_thread_blocked, id=4260, stack(0x000000a8c8c00000,0x000000a8c8d00000)]
  0x00000266664a0800 JavaThread "restartedMain" [_thread_in_native, id=14120, stack(0x000000a8c8b00000,0x000000a8c8c00000)]
  0x00000266664a0000 JavaThread "Thread-0" [_thread_blocked, id=14824, stack(0x000000a8c8a00000,0x000000a8c8b00000)]
  0x0000026665c10800 JavaThread "Service Thread" daemon [_thread_blocked, id=6588, stack(0x000000a8c8800000,0x000000a8c8900000)]
  0x0000026663d89800 JavaThread "C1 CompilerThread3" daemon [_thread_blocked, id=14264, stack(0x000000a8c8700000,0x000000a8c8800000)]
=>0x0000026663d82000 JavaThread "C2 CompilerThread2" daemon [_thread_in_native, id=6656, stack(0x000000a8c8600000,0x000000a8c8700000)]
  0x0000026663d7f000 JavaThread "C2 CompilerThread1" daemon [_thread_in_native, id=8700, stack(0x000000a8c8500000,0x000000a8c8600000)]
  0x0000026663d73000 JavaThread "C2 CompilerThread0" daemon [_thread_in_native, id=13060, stack(0x000000a8c8400000,0x000000a8c8500000)]
  0x0000026663d6f000 JavaThread "Attach Listener" daemon [_thread_blocked, id=372, stack(0x000000a8c8300000,0x000000a8c8400000)]
  0x0000026663d6e000 JavaThread "Signal Dispatcher" daemon [_thread_blocked, id=2288, stack(0x000000a8c8200000,0x000000a8c8300000)]
  0x0000026663d4b000 JavaThread "Finalizer" daemon [_thread_blocked, id=14020, stack(0x000000a8c8100000,0x000000a8c8200000)]
  0x0000026663d42000 JavaThread "Reference Handler" daemon [_thread_blocked, id=7928, stack(0x000000a8c8000000,0x000000a8c8100000)]
  0x000002664a370000 JavaThread "main" [_thread_blocked, id=6476, stack(0x000000a8c7600000,0x000000a8c7700000)]

Other Threads:
  0x0000026663d18800 VMThread [stack: 0x000000a8c7f00000,0x000000a8c8000000] [id=1332]
  0x0000026665c33000 WatcherThread [stack: 0x000000a8c8900000,0x000000a8c8a00000] [id=756]

VM state:not at safepoint (normal execution)

VM Mutex/Monitor currently owned by a thread: None

heap address: 0x00000006e0c00000, size: 3572 MB, Compressed Oops mode: Zero based, Oop shift amount: 3
Narrow klass base: 0x0000000000000000, Narrow klass shift: 3
Compressed class space size: 1073741824 Address: 0x00000007c0000000

Heap:
 PSYoungGen      total 184320K, used 120797K [0x0000000775980000, 0x0000000781c00000, 0x00000007c0000000)
  eden space 172544K, 70% used [0x0000000775980000,0x000000077cf777e0,0x0000000780200000)
  from space 11776K, 0% used [0x0000000781080000,0x0000000781080000,0x0000000781c00000)
  to   space 13312K, 0% used [0x0000000780200000,0x0000000780200000,0x0000000780f00000)
 ParOldGen       total 144896K, used 14091K [0x00000006e0c00000, 0x00000006e9980000, 0x0000000775980000)
  object space 144896K, 9% used [0x00000006e0c00000,0x00000006e19c2d78,0x00000006e9980000)
 Metaspace       used 47354K, capacity 49902K, committed 50008K, reserved 1091584K
  class space    used 6466K, capacity 6934K, committed 7040K, reserved 1048576K

Card table byte_map: [0x000002665b050000,0x000002665b750000] byte_map_base: 0x000002665794a000

Marking Bits: (ParMarkBitMap*) 0x0000000054dd7fe0
 Begin Bits: [0x000002665bc00000, 0x000002665f3d0000)
 End Bits:   [0x000002665f3d0000, 0x0000026662ba0000)

Polling page: 0x000002664bc60000

CodeCache: size=245760Kb used=13207Kb max_used=13219Kb free=232552Kb
 bounds [0x000002664bc90000, 0x000002664c990000, 0x000002665ac90000]
 total_blobs=4158 nmethods=3658 adapters=413
 compilation: enabled

Compilation events (10 events):
Event: 4.408 Thread 0x0000026663d89800 3686       3       com.mysql.cj.util.StringInspector::indexOfNextChar (1428 bytes)
Event: 4.415 Thread 0x0000026663d89800 nmethod 3686 0x000002664c984110 code [0x000002664c9848a0, 0x000002664c98a8d0]
Event: 4.415 Thread 0x0000026663d89800 3687       3       com.mysql.cj.util.StringInspector::incrementPosition (77 bytes)
Event: 4.415 Thread 0x0000026663d89800 nmethod 3687 0x000002664bdb5350 code [0x000002664bdb5500, 0x000002664bdb5bc0]
Event: 4.416 Thread 0x0000026663d89800 3688       3       com.mysql.cj.util.StringInspector::indexOfNextChar (9 bytes)
Event: 4.416 Thread 0x0000026663d89800 nmethod 3688 0x000002664bdf2ed0 code [0x000002664bdf3040, 0x000002664bdf31d0]
Event: 4.416 Thread 0x0000026663d89800 3689       3       com.mysql.cj.util.StringInspector::incrementPosition (9 bytes)
Event: 4.416 Thread 0x0000026663d89800 nmethod 3689 0x000002664be1d8d0 code [0x000002664be1da40, 0x000002664be1dbf0]
Event: 4.429 Thread 0x0000026663d89800 3690       3       java.text.MessageFormat::<init> (56 bytes)
Event: 4.429 Thread 0x0000026663d89800 nmethod 3690 0x000002664bd95990 code [0x000002664bd95b20, 0x000002664bd96000]

GC Heap History (10 events):
Event: 1.247 GC heap before
{Heap before GC invocations=4 (full 0):
 PSYoungGen      total 67072K, used 19898K [0x0000000775980000, 0x000000077dc80000, 0x00000007c0000000)
  eden space 57856K, 21% used [0x0000000775980000,0x00000007765cbe50,0x0000000779200000)
  from space 9216K, 79% used [0x0000000779200000,0x0000000779922cc0,0x0000000779b00000)
  to   space 9216K, 0% used [0x000000077d380000,0x000000077d380000,0x000000077dc80000)
 ParOldGen       total 153088K, used 1040K [0x00000006e0c00000, 0x00000006ea180000, 0x0000000775980000)
  object space 153088K, 0% used [0x00000006e0c00000,0x00000006e0d04220,0x00000006ea180000)
 Metaspace       used 20220K, capacity 21160K, committed 21248K, reserved 1067008K
  class space    used 2528K, capacity 2737K, committed 2816K, reserved 1048576K
Event: 1.252 GC heap after
Heap after GC invocations=4 (full 0):
 PSYoungGen      total 124928K, used 6204K [0x0000000775980000, 0x000000077dc80000, 0x00000007c0000000)
  eden space 115712K, 0% used [0x0000000775980000,0x0000000775980000,0x000000077ca80000)
  from space 9216K, 67% used [0x000000077d380000,0x000000077d98f1f8,0x000000077dc80000)
  to   space 9216K, 0% used [0x000000077ca80000,0x000000077ca80000,0x000000077d380000)
 ParOldGen       total 153088K, used 1048K [0x00000006e0c00000, 0x00000006ea180000, 0x0000000775980000)
  object space 153088K, 0% used [0x00000006e0c00000,0x00000006e0d06220,0x00000006ea180000)
 Metaspace       used 20220K, capacity 21160K, committed 21248K, reserved 1067008K
  class space    used 2528K, capacity 2737K, committed 2816K, reserved 1048576K
}
Event: 1.252 GC heap before
{Heap before GC invocations=5 (full 1):
 PSYoungGen      total 124928K, used 6204K [0x0000000775980000, 0x000000077dc80000, 0x00000007c0000000)
  eden space 115712K, 0% used [0x0000000775980000,0x0000000775980000,0x000000077ca80000)
  from space 9216K, 67% used [0x000000077d380000,0x000000077d98f1f8,0x000000077dc80000)
  to   space 9216K, 0% used [0x000000077ca80000,0x000000077ca80000,0x000000077d380000)
 ParOldGen       total 153088K, used 1048K [0x00000006e0c00000, 0x00000006ea180000, 0x0000000775980000)
  object space 153088K, 0% used [0x00000006e0c00000,0x00000006e0d06220,0x00000006ea180000)
 Metaspace       used 20220K, capacity 21160K, committed 21248K, reserved 1067008K
  class space    used 2528K, capacity 2737K, committed 2816K, reserved 1048576K
Event: 1.275 GC heap after
Heap after GC invocations=5 (full 1):
 PSYoungGen      total 124928K, used 0K [0x0000000775980000, 0x000000077dc80000, 0x00000007c0000000)
  eden space 115712K, 0% used [0x0000000775980000,0x0000000775980000,0x000000077ca80000)
  from space 9216K, 0% used [0x000000077d380000,0x000000077d380000,0x000000077dc80000)
  to   space 9216K, 0% used [0x000000077ca80000,0x000000077ca80000,0x000000077d380000)
 ParOldGen       total 91136K, used 6035K [0x00000006e0c00000, 0x00000006e6500000, 0x0000000775980000)
  object space 91136K, 6% used [0x00000006e0c00000,0x00000006e11e4d38,0x00000006e6500000)
 Metaspace       used 20220K, capacity 21160K, committed 21248K, reserved 1067008K
  class space    used 2528K, capacity 2737K, committed 2816K, reserved 1048576K
}
Event: 2.546 GC heap before
{Heap before GC invocations=6 (full 1):
 PSYoungGen      total 124928K, used 115684K [0x0000000775980000, 0x000000077dc80000, 0x00000007c0000000)
  eden space 115712K, 99% used [0x0000000775980000,0x000000077ca790a0,0x000000077ca80000)
  from space 9216K, 0% used [0x000000077d380000,0x000000077d380000,0x000000077dc80000)
  to   space 9216K, 0% used [0x000000077ca80000,0x000000077ca80000,0x000000077d380000)
 ParOldGen       total 91136K, used 6035K [0x00000006e0c00000, 0x00000006e6500000, 0x0000000775980000)
  object space 91136K, 6% used [0x00000006e0c00000,0x00000006e11e4d38,0x00000006e6500000)
 Metaspace       used 29154K, capacity 31042K, committed 31360K, reserved 1077248K
  class space    used 3752K, capacity 4102K, committed 4224K, reserved 1048576K
Event: 2.555 GC heap after
Heap after GC invocations=6 (full 1):
 PSYoungGen      total 124928K, used 9211K [0x0000000775980000, 0x0000000781d80000, 0x00000007c0000000)
  eden space 115712K, 0% used [0x0000000775980000,0x0000000775980000,0x000000077ca80000)
  from space 9216K, 99% used [0x000000077ca80000,0x000000077d37ef40,0x000000077d380000)
  to   space 13312K, 0% used [0x0000000781080000,0x0000000781080000,0x0000000781d80000)
 ParOldGen       total 91136K, used 9181K [0x00000006e0c00000, 0x00000006e6500000, 0x0000000775980000)
  object space 91136K, 10% used [0x00000006e0c00000,0x00000006e14f7518,0x00000006e6500000)
 Metaspace       used 29154K, capacity 31042K, committed 31360K, reserved 1077248K
  class space    used 3752K, capacity 4102K, committed 4224K, reserved 1048576K
}
Event: 3.087 GC heap before
{Heap before GC invocations=7 (full 1):
 PSYoungGen      total 124928K, used 104261K [0x0000000775980000, 0x0000000781d80000, 0x00000007c0000000)
  eden space 115712K, 82% used [0x0000000775980000,0x000000077b6525b0,0x000000077ca80000)
  from space 9216K, 99% used [0x000000077ca80000,0x000000077d37ef40,0x000000077d380000)
  to   space 13312K, 0% used [0x0000000781080000,0x0000000781080000,0x0000000781d80000)
 ParOldGen       total 91136K, used 9181K [0x00000006e0c00000, 0x00000006e6500000, 0x0000000775980000)
  object space 91136K, 10% used [0x00000006e0c00000,0x00000006e14f7518,0x00000006e6500000)
 Metaspace       used 33345K, capacity 35366K, committed 35416K, reserved 1079296K
  class space    used 4306K, capacity 4700K, committed 4736K, reserved 1048576K
Event: 3.095 GC heap after
Heap after GC invocations=7 (full 1):
 PSYoungGen      total 184320K, used 9802K [0x0000000775980000, 0x0000000781c00000, 0x00000007c0000000)
  eden space 172544K, 0% used [0x0000000775980000,0x0000000775980000,0x0000000780200000)
  from space 11776K, 83% used [0x0000000781080000,0x0000000781a12b10,0x0000000781c00000)
  to   space 13312K, 0% used [0x0000000780200000,0x0000000780200000,0x0000000780f00000)
 ParOldGen       total 91136K, used 9189K [0x00000006e0c00000, 0x00000006e6500000, 0x0000000775980000)
  object space 91136K, 10% used [0x00000006e0c00000,0x00000006e14f9518,0x00000006e6500000)
 Metaspace       used 33345K, capacity 35366K, committed 35416K, reserved 1079296K
  class space    used 4306K, capacity 4700K, committed 4736K, reserved 1048576K
}
Event: 3.095 GC heap before
{Heap before GC invocations=8 (full 2):
 PSYoungGen      total 184320K, used 9802K [0x0000000775980000, 0x0000000781c00000, 0x00000007c0000000)
  eden space 172544K, 0% used [0x0000000775980000,0x0000000775980000,0x0000000780200000)
  from space 11776K, 83% used [0x0000000781080000,0x0000000781a12b10,0x0000000781c00000)
  to   space 13312K, 0% used [0x0000000780200000,0x0000000780200000,0x0000000780f00000)
 ParOldGen       total 91136K, used 9189K [0x00000006e0c00000, 0x00000006e6500000, 0x0000000775980000)
  object space 91136K, 10% used [0x00000006e0c00000,0x00000006e14f9518,0x00000006e6500000)
 Metaspace       used 33345K, capacity 35366K, committed 35416K, reserved 1079296K
  class space    used 4306K, capacity 4700K, committed 4736K, reserved 1048576K
Event: 3.131 GC heap after
Heap after GC invocations=8 (full 2):
 PSYoungGen      total 184320K, used 0K [0x0000000775980000, 0x0000000781c00000, 0x00000007c0000000)
  eden space 172544K, 0% used [0x0000000775980000,0x0000000775980000,0x0000000780200000)
  from space 11776K, 0% used [0x0000000781080000,0x0000000781080000,0x0000000781c00000)
  to   space 13312K, 0% used [0x0000000780200000,0x0000000780200000,0x0000000780f00000)
 ParOldGen       total 144896K, used 14091K [0x00000006e0c00000, 0x00000006e9980000, 0x0000000775980000)
  object space 144896K, 9% used [0x00000006e0c00000,0x00000006e19c2d78,0x00000006e9980000)
 Metaspace       used 33345K, capacity 35366K, committed 35416K, reserved 1079296K
  class space    used 4306K, capacity 4700K, committed 4736K, reserved 1048576K
}

Deoptimization events (10 events):
Event: 3.539 Thread 0x00000266664a0800 Uncommon trap: reason=unstable_if action=reinterpret pc=0x000002664c55dcf0 method=sun.misc.ASCIICaseInsensitiveComparator.compare(Ljava/lang/String;Ljava/lang/String;)I @ 83
Event: 3.602 Thread 0x00000266664a0800 Uncommon trap: reason=bimorphic action=maybe_recompile pc=0x000002664c333964 method=java.lang.ClassLoader.loadClass(Ljava/lang/String;Z)Ljava/lang/Class; @ 70
Event: 3.709 Thread 0x0000026668ca2800 Uncommon trap: reason=unstable_if action=reinterpret pc=0x000002664c6841d4 method=java.lang.CharacterDataLatin1.digit(II)I @ 82
Event: 3.761 Thread 0x00000266664a0800 Uncommon trap: reason=unstable_if action=reinterpret pc=0x000002664c76b850 method=java.lang.reflect.AnnotatedElement.isAnnotationPresent(Ljava/lang/Class;)Z @ 7
Event: 3.798 Thread 0x00000266664a0800 Uncommon trap: reason=unstable_if action=reinterpret pc=0x000002664c40cd1c method=org.springframework.beans.factory.support.AbstractAutowireCapableBeanFactory.determineTargetType(Ljava/lang/String;Lorg/springframework/beans/factory/support/RootBeanDefinit
Event: 3.936 Thread 0x00000266664a0800 Uncommon trap: reason=unstable_if action=reinterpret pc=0x000002664c674c00 method=java.lang.Class$MethodArray.addIfNotPresent(Ljava/lang/reflect/Method;)V @ 19
Event: 3.936 Thread 0x00000266664a0800 Uncommon trap: reason=unstable_if action=reinterpret pc=0x000002664c66f4b4 method=java.lang.Class$MethodArray.addIfNotPresent(Ljava/lang/reflect/Method;)V @ 19
Event: 3.959 Thread 0x00000266664a0800 Uncommon trap: reason=bimorphic action=maybe_recompile pc=0x000002664c88e6b4 method=java.lang.Throwable.<init>(Ljava/lang/String;Ljava/lang/Throwable;)V @ 24
Event: 3.959 Thread 0x00000266664a0800 Uncommon trap: reason=bimorphic action=maybe_recompile pc=0x000002664c88e6b4 method=java.lang.Throwable.<init>(Ljava/lang/String;Ljava/lang/Throwable;)V @ 24
Event: 4.168 Thread 0x00000266664a0800 Uncommon trap: reason=unstable_if action=reinterpret pc=0x000002664c671f04 method=java.util.HashMap$HashIterator.<init>(Ljava/util/HashMap;)V @ 45

Classes redefined (0 events):
No events

Internal exceptions (10 events):
Event: 2.561 Thread 0x00000266664a0800 Exception <a 'sun/nio/fs/WindowsException'> (0x00000007769284d0) thrown at [C:\jenkins\workspace\8-2-build-windows-amd64-cygwin\jdk8u301\1513\hotspot\src\share\vm\prims\jni.cpp, line 710]
Event: 2.562 Thread 0x00000266664a0800 Exception <a 'sun/nio/fs/WindowsException'> (0x000000077692fd80) thrown at [C:\jenkins\workspace\8-2-build-windows-amd64-cygwin\jdk8u301\1513\hotspot\src\share\vm\prims\jni.cpp, line 710]
Event: 2.562 Thread 0x00000266664a0800 Exception <a 'sun/nio/fs/WindowsException'> (0x0000000776930af0) thrown at [C:\jenkins\workspace\8-2-build-windows-amd64-cygwin\jdk8u301\1513\hotspot\src\share\vm\prims\jni.cpp, line 710]
Event: 2.602 Thread 0x00000266664a0800 Implicit null exception at 0x000002664c6b39f7 to 0x000002664c6b5ed5
Event: 2.662 Thread 0x00000266664a0800 Exception <a 'java/io/FileNotFoundException'> (0x00000007795c8a70) thrown at [C:\jenkins\workspace\8-2-build-windows-amd64-cygwin\jdk8u301\1513\hotspot\src\share\vm\prims\jni.cpp, line 710]
Event: 2.738 Thread 0x00000266664a0800 Exception <a 'java/io/FileNotFoundException'> (0x00000007799792c8) thrown at [C:\jenkins\workspace\8-2-build-windows-amd64-cygwin\jdk8u301\1513\hotspot\src\share\vm\prims\jni.cpp, line 710]
Event: 2.782 Thread 0x00000266664a0800 Implicit null exception at 0x000002664bef6c56 to 0x000002664bef6fe1
Event: 3.080 Thread 0x00000266664a0800 Exception <a 'java/lang/ClassNotFoundException': java/lang/Module> (0x000000077b5bea60) thrown at [C:\jenkins\workspace\8-2-build-windows-amd64-cygwin\jdk8u301\1513\hotspot\src\share\vm\classfile\systemDictionary.cpp, line 212]
Event: 4.241 Thread 0x00000266664a0800 Exception <a 'java/lang/ClassNotFoundException': java/lang/Module> (0x000000077bfb4508) thrown at [C:\jenkins\workspace\8-2-build-windows-amd64-cygwin\jdk8u301\1513\hotspot\src\share\vm\classfile\systemDictionary.cpp, line 212]
Event: 4.273 Thread 0x00000266664a0800 Exception <a 'java/lang/NoSuchMethodError': java.lang.Object.lambda$static$0(Lorg/hibernate/loader/plan/spi/LoadPlan;Lorg/hibernate/loader/plan/exec/spi/AliasResolutionContext;Lorg/hibernate/loader/plan/exec/process/spi/ReaderCollector;ZZ)Lorg/hibernate/l

Events (10 events):
Event: 4.426 loading class com/zaxxer/hikari/pool/ProxyResultSet
Event: 4.426 loading class com/zaxxer/hikari/pool/ProxyResultSet done
Event: 4.429 loading class org/hibernate/tool/schema/extract/spi/NameSpaceTablesInformation
Event: 4.429 loading class org/hibernate/tool/schema/extract/spi/NameSpaceTablesInformation done
Event: 4.429 loading class org/hibernate/tool/schema/extract/internal/AbstractInformationExtractorImpl
Event: 4.429 loading class org/hibernate/tool/schema/extract/internal/AbstractInformationExtractorImpl done
Event: 4.429 loading class com/mysql/cj/jdbc/DatabaseMetaDataUsingInfoSchema$1
Event: 4.429 loading class com/mysql/cj/jdbc/DatabaseMetaDataUsingInfoSchema$1 done
Event: 4.429 loading class com/mysql/cj/jdbc/DatabaseMetaDataUsingInfoSchema$FunctionConstant
Event: 4.429 loading class com/mysql/cj/jdbc/DatabaseMetaDataUsingInfoSchema$FunctionConstant done


Dynamic libraries:
0x00007ff615cb0000 - 0x00007ff615cf7000 	C:\Program Files\Java\jdk1.8.0_301\bin\java.exe
0x00007ffaa00f0000 - 0x00007ffaa02e5000 	C:\Windows\SYSTEM32\ntdll.dll
0x00007ffa9fa20000 - 0x00007ffa9fadd000 	C:\Windows\System32\KERNEL32.DLL
0x00007ffa9dc60000 - 0x00007ffa9df2d000 	C:\Windows\System32\KERNELBASE.dll
0x00007ffa9f910000 - 0x00007ffa9f9be000 	C:\Windows\System32\ADVAPI32.dll
0x00007ffa9efd0000 - 0x00007ffa9f06e000 	C:\Windows\System32\msvcrt.dll
0x00007ffa9fb90000 - 0x00007ffa9fc2c000 	C:\Windows\System32\sechost.dll
0x00007ffa9fe50000 - 0x00007ffa9ff75000 	C:\Windows\System32\RPCRT4.dll
0x00007ffa9e560000 - 0x00007ffa9e700000 	C:\Windows\System32\USER32.dll
0x00007ffa9d830000 - 0x00007ffa9d852000 	C:\Windows\System32\win32u.dll
0x00007ffaa0080000 - 0x00007ffaa00aa000 	C:\Windows\System32\GDI32.dll
0x00007ffa9df30000 - 0x00007ffa9e03b000 	C:\Windows\System32\gdi32full.dll
0x00007ffa9d860000 - 0x00007ffa9d8fd000 	C:\Windows\System32\msvcp_win.dll
0x00007ffa9e040000 - 0x00007ffa9e140000 	C:\Windows\System32\ucrtbase.dll
0x00007ffa882a0000 - 0x00007ffa8853a000 	C:\Windows\WinSxS\amd64_microsoft.windows.common-controls_6595b64144ccf1df_6.0.19041.1110_none_60b5254171f9507e\COMCTL32.dll
0x00007ffaa0050000 - 0x00007ffaa0080000 	C:\Windows\System32\IMM32.DLL
0x00007ffa94c40000 - 0x00007ffa94c55000 	C:\Program Files\Java\jdk1.8.0_301\jre\bin\vcruntime140.dll
0x00007ffa88a80000 - 0x00007ffa88b1b000 	C:\Program Files\Java\jdk1.8.0_301\jre\bin\msvcp140.dll
0x00000000545f0000 - 0x0000000054e50000 	C:\Program Files\Java\jdk1.8.0_301\jre\bin\server\jvm.dll
0x00007ffa9e280000 - 0x00007ffa9e288000 	C:\Windows\System32\PSAPI.DLL
0x00007ffa95c10000 - 0x00007ffa95c1a000 	C:\Windows\SYSTEM32\VERSION.dll
0x00007ffa95620000 - 0x00007ffa95629000 	C:\Windows\SYSTEM32\WSOCK32.dll
0x00007ffa8eb40000 - 0x00007ffa8eb67000 	C:\Windows\SYSTEM32\WINMM.dll
0x00007ffa9fc30000 - 0x00007ffa9fc9b000 	C:\Windows\System32\WS2_32.dll
0x00007ffa9b720000 - 0x00007ffa9b732000 	C:\Windows\SYSTEM32\kernel.appcore.dll
0x00007ffa9a7f0000 - 0x00007ffa9a800000 	C:\Program Files\Java\jdk1.8.0_301\jre\bin\verify.dll
0x00007ffa90e60000 - 0x00007ffa90e8b000 	C:\Program Files\Java\jdk1.8.0_301\jre\bin\java.dll
0x00007ffa90d50000 - 0x00007ffa90d68000 	C:\Program Files\Java\jdk1.8.0_301\jre\bin\zip.dll
0x00007ffa9f190000 - 0x00007ffa9f8d4000 	C:\Windows\System32\SHELL32.dll
0x00007ffa9b920000 - 0x00007ffa9c0b4000 	C:\Windows\SYSTEM32\windows.storage.dll
0x00007ffa9e760000 - 0x00007ffa9eab4000 	C:\Windows\System32\combase.dll
0x00007ffa9d190000 - 0x00007ffa9d1bc000 	C:\Windows\SYSTEM32\Wldp.dll
0x00007ffa9fae0000 - 0x00007ffa9fb8d000 	C:\Windows\System32\SHCORE.dll
0x00007ffa9e700000 - 0x00007ffa9e755000 	C:\Windows\System32\shlwapi.dll
0x00007ffa9d6f0000 - 0x00007ffa9d70f000 	C:\Windows\SYSTEM32\profapi.dll
0x00007ffa99500000 - 0x00007ffa9950d000 	C:\Program Files\Java\jdk1.8.0_301\jre\bin\management.dll
0x00007ffa909b0000 - 0x00007ffa909cc000 	C:\Program Files\Java\jdk1.8.0_301\jre\bin\net.dll
0x00007ffa9cef0000 - 0x00007ffa9cf5a000 	C:\Windows\system32\mswsock.dll
0x00007ffa95c80000 - 0x00007ffa95c97000 	C:\Windows\system32\napinsp.dll
0x00007ffa95c60000 - 0x00007ffa95c7b000 	C:\Windows\system32\pnrpnsp.dll
0x00007ffa95c40000 - 0x00007ffa95c55000 	C:\Windows\system32\wshbth.dll
0x00007ffa97a30000 - 0x00007ffa97a4d000 	C:\Windows\system32\NLAapi.dll
0x00007ffa9cbe0000 - 0x00007ffa9cc1b000 	C:\Windows\SYSTEM32\IPHLPAPI.DLL
0x00007ffa9cc70000 - 0x00007ffa9cd3b000 	C:\Windows\SYSTEM32\DNSAPI.dll
0x00007ffa9f900000 - 0x00007ffa9f908000 	C:\Windows\System32\NSI.dll
0x00007ffa95c20000 - 0x00007ffa95c32000 	C:\Windows\System32\winrnr.dll
0x00007ffa95f00000 - 0x00007ffa95f0a000 	C:\Windows\System32\rasadhlp.dll
0x00007ffa96250000 - 0x00007ffa962d0000 	C:\Windows\System32\fwpuclnt.dll
0x00007ffa9d800000 - 0x00007ffa9d827000 	C:\Windows\System32\bcrypt.dll
0x00007ffa8ff20000 - 0x00007ffa8ff33000 	C:\Program Files\Java\jdk1.8.0_301\jre\bin\nio.dll
0x00007ffa9d0e0000 - 0x00007ffa9d0f8000 	C:\Windows\SYSTEM32\CRYPTSP.dll
0x00007ffa9c870000 - 0x00007ffa9c8a4000 	C:\Windows\system32\rsaenh.dll
0x00007ffa9d650000 - 0x00007ffa9d67e000 	C:\Windows\SYSTEM32\USERENV.dll
0x00007ffa9db20000 - 0x00007ffa9dba2000 	C:\Windows\System32\bcryptprimitives.dll
0x00007ffa9d100000 - 0x00007ffa9d10c000 	C:\Windows\SYSTEM32\CRYPTBASE.dll
0x00007ffa97cc0000 - 0x00007ffa97cd7000 	C:\Windows\SYSTEM32\dhcpcsvc6.DLL
0x00007ffa97ca0000 - 0x00007ffa97cbd000 	C:\Windows\SYSTEM32\dhcpcsvc.DLL
0x00007ffa8e300000 - 0x00007ffa8e324000 	C:\Program Files\Java\jdk1.8.0_301\jre\bin\sunec.dll
0x00007ffa99310000 - 0x00007ffa9931d000 	C:\Program Files\Java\jdk1.8.0_301\jre\bin\sunmscapi.dll
0x00007ffa9d950000 - 0x00007ffa9daa6000 	C:\Windows\System32\CRYPT32.dll
0x00007ffa9d200000 - 0x00007ffa9d227000 	C:\Windows\SYSTEM32\ncrypt.dll
0x00007ffa9d1c0000 - 0x00007ffa9d1fb000 	C:\Windows\SYSTEM32\NTASN1.dll

VM Arguments:
java_command: com.portfolio.api.ApiApplication
java_class_path (initial): C:\Users\BarConT\Desktop\YoProgramo\api\target\classes;C:\Users\BarConT\.m2\repository\org\springframework\boot\spring-boot-starter-web\2.7.0\spring-boot-starter-web-2.7.0.jar;C:\Users\BarConT\.m2\repository\org\springframework\boot\spring-boot-starter\2.7.0\spring-boot-starter-2.7.0.jar;C:\Users\BarConT\.m2\repository\org\springframework\boot\spring-boot-starter-logging\2.7.0\spring-boot-starter-logging-2.7.0.jar;C:\Users\BarConT\.m2\repository\ch\qos\logback\logback-classic\1.2.11\logback-classic-1.2.11.jar;C:\Users\BarConT\.m2\repository\ch\qos\logback\logback-core\1.2.11\logback-core-1.2.11.jar;C:\Users\BarConT\.m2\repository\org\apache\logging\log4j\log4j-to-slf4j\2.17.2\log4j-to-slf4j-2.17.2.jar;C:\Users\BarConT\.m2\repository\org\apache\logging\log4j\log4j-api\2.17.2\log4j-api-2.17.2.jar;C:\Users\BarConT\.m2\repository\org\slf4j\jul-to-slf4j\1.7.36\jul-to-slf4j-1.7.36.jar;C:\Users\BarConT\.m2\repository\jakarta\annotation\jakarta.annotation-api\1.3.5\jakarta.annotation-api-1.3.5.jar;C:\Users\BarConT\.m2\repository\org\yaml\snakeyaml\1.30\snakeyaml-1.30.jar;C:\Users\BarConT\.m2\repository\org\springframework\boot\spring-boot-starter-json\2.7.0\spring-boot-starter-json-2.7.0.jar;C:\Users\BarConT\.m2\repository\com\fasterxml\jackson\core\jackson-databind\2.13.3\jackson-databind-2.13.3.jar;C:\Users\BarConT\.m2\repository\com\fasterxml\jackson\core\jackson-annotations\2.13.3\jackson-annotations-2.13.3.jar;C:\Users\BarConT\.m2\repository\com\fasterxml\jackson\core\jackson-core\2.13.3\jackson-core-2.13.3.jar;C:\Users\BarConT\.m2\repository\com\fasterxml\jackson\datatype\jackson-datatype-jdk8\2.13.3\jackson-datatype-jdk8-2.13.3.jar;C:\Users\BarConT\.m2\repository\com\fasterxml\jackson\datatype\jackson-datatype-jsr310\2.13.3\jackson-datatype-jsr310-2.13.3.jar;C:\Users\BarConT\.m2\repository\com\fasterxml\jackson\module\jackson-module-parameter-names\2.13.3\jackson-module-parameter-names-2.13.3.jar;C:\Users\BarConT\.m2\repository\org\spring
Launcher Type: SUN_STANDARD

Environment Variables:
JAVA_HOME=C:\Program Files\Java\jdk1.8.0_301
PATH=C:\Windows\system32;C:\Windows;C:\Windows\System32\Wbem;C:\Program Files (x86)\Common Files\Oracle\Java\javapath;C:\Windows\System32\WindowsPowerShell\v1.0\;C:\Windows\System32\OpenSSH\;C:\ProgramData\chocolatey\bin;C:\Program Files\OpenJDK\openjdk-8u302-b08\bin;C:\Users\BarConT\AppData\Local\Android\Sdk\platform-tools;C:\Users\BarConT\AppData\Local\Android\Sdk\tools;C:\Users\BarConT\AppData\Local\Android\Sdk\tools\bin;C:\Program Files\Git\cmd;C:\Program Files (x86)\nodejs\;C:\Program Files\MySQL\MySQL Shell 8.0\bin\;C:\Users\BarConT\AppData\Local\Programs\Python\Python310\Scripts\;C:\Users\BarConT\AppData\Local\Programs\Python\Python310\;C:\Users\BarConT\AppData\Local\Microsoft\WindowsApps;C:\Users\BarConT\AppData\Local\Programs\Microsoft VS Code\bin;C:\Users\BarConT\Desktop\sqlite;C:\Program Files\MongoDB\Server\5.0\bin;C:\Users\BarConT\AppData\Roaming\npm;C:\Program Files\heroku\bin
USERNAME=BarConT
OS=Windows_NT
PROCESSOR_IDENTIFIER=AMD64 Family 23 Model 24 Stepping 1, AuthenticAMD



---------------  S Y S T E M  ---------------

OS: Windows 10.0 , 64 bit Build 19041 (10.0.19041.1706)

CPU:total 8 (initial active 8) (8 cores per cpu, 1 threads per core) family 23 model 24 stepping 1, cmov, cx8, fxsr, mmx, sse, sse2, sse3, ssse3, sse4.1, sse4.2, popcnt, avx, avx2, aes, clmul, mmxext, 3dnowpref, lzcnt, sse4a, tsc, tscinvbit, tscinv, bmi1

Memory: 4k page, physical 14627276k(4308276k free), swap 14627276k(4116k free)

vm_info: Java HotSpot(TM) 64-Bit Server VM (25.301-b09) for windows-amd64 JRE (1.8.0_301-b09), built on Jun  9 2021 06:46:21 by "java_re" with MS VC++ 15.9 (VS2017)

time: Sun May 22 16:43:06 2022
timezone: Hora estándar de Argentina
elapsed time: 4.461726 seconds (0d 0h 0m 4s)

